Using pre-set license
Built from '2022.3/staging' branch; Version is '2022.3.26f1 (ec6cd8118806) revision 15494360'; Using compiler version '192829333'; Build Type 'Release'
OS: 'Windows 11  (10.0.22631) 64bit Professional' Language: 'en' Physical Memory: 65464 MB
BatchMode: 1, IsHumanControllingUs: 0, StartBugReporterOnCrash: 0, Is64bit: 1, IsPro: 1

COMMAND LINE ARGUMENTS:
E:\UnityEditor\2022.3.26f1\Editor\Unity.exe
-adb2
-batchMode
-noUpm
-name
AssetImportWorker3
-projectPath
C:/Users/rowjo/Downloads/FAForeverMapEditorcurrent
-logFile
Logs/AssetImportWorker3.log
-srvPort
65477
Successfully changed project path to: C:/Users/rowjo/Downloads/FAForeverMapEditorcurrent
C:/Users/rowjo/Downloads/FAForeverMapEditorcurrent
[UnityMemory] Configuration Parameters - Can be set up in boot.config
    "memorysetup-bucket-allocator-granularity=16"
    "memorysetup-bucket-allocator-bucket-count=8"
    "memorysetup-bucket-allocator-block-size=33554432"
    "memorysetup-bucket-allocator-block-count=8"
    "memorysetup-main-allocator-block-size=16777216"
    "memorysetup-thread-allocator-block-size=16777216"
    "memorysetup-gfx-main-allocator-block-size=16777216"
    "memorysetup-gfx-thread-allocator-block-size=16777216"
    "memorysetup-cache-allocator-block-size=4194304"
    "memorysetup-typetree-allocator-block-size=2097152"
    "memorysetup-profiler-bucket-allocator-granularity=16"
    "memorysetup-profiler-bucket-allocator-bucket-count=8"
    "memorysetup-profiler-bucket-allocator-block-size=33554432"
    "memorysetup-profiler-bucket-allocator-block-count=8"
    "memorysetup-profiler-allocator-block-size=16777216"
    "memorysetup-profiler-editor-allocator-block-size=1048576"
    "memorysetup-temp-allocator-size-main=16777216"
    "memorysetup-job-temp-allocator-block-size=2097152"
    "memorysetup-job-temp-allocator-block-size-background=1048576"
    "memorysetup-job-temp-allocator-reduction-small-platforms=262144"
    "memorysetup-allocator-temp-initial-block-size-main=262144"
    "memorysetup-allocator-temp-initial-block-size-worker=262144"
    "memorysetup-temp-allocator-size-background-worker=32768"
    "memorysetup-temp-allocator-size-job-worker=262144"
    "memorysetup-temp-allocator-size-preload-manager=33554432"
    "memorysetup-temp-allocator-size-nav-mesh-worker=65536"
    "memorysetup-temp-allocator-size-audio-worker=65536"
    "memorysetup-temp-allocator-size-cloud-worker=32768"
    "memorysetup-temp-allocator-size-gi-baking-worker=262144"
    "memorysetup-temp-allocator-size-gfx=262144"
Player connection [28772] Host "[IP] 10.0.0.85 [Port] 0 [Flags] 2 [Guid] 1250909067 [EditorId] 1250909067 [Version] 1048832 [Id] WindowsEditor(7,Josh-PC) [Debug] 1 [PackageName] WindowsEditor [ProjectName] Editor" joined multi-casting on [225.0.0.222:54997]...

Player connection [28772] Host "[IP] 10.0.0.85 [Port] 0 [Flags] 2 [Guid] 1250909067 [EditorId] 1250909067 [Version] 1048832 [Id] WindowsEditor(7,Josh-PC) [Debug] 1 [PackageName] WindowsEditor [ProjectName] Editor" joined alternative multi-casting on [225.0.0.222:34997]...

[Physics::Module] Initialized MultithreadedJobDispatcher with 31 workers.
Refreshing native plugins compatible for Editor in 33.65 ms, found 0 plugins.
Preloading 0 native plugins for Editor in 0.00 ms.
Initialize engine version: 2022.3.26f1 (ec6cd8118806)
[Subsystems] Discovering subsystems at path E:/UnityEditor/2022.3.26f1/Editor/Data/Resources/UnitySubsystems
[Subsystems] Discovering subsystems at path C:/Users/rowjo/Downloads/FAForeverMapEditorcurrent/Assets
GfxDevice: creating device client; threaded=0; jobified=0
Direct3D:
    Version:  Direct3D 11.0 [level 11.1]
    Renderer: NVIDIA GeForce RTX 3070 (ID=0x2488)
    Vendor:   NVIDIA
    VRAM:     8018 MB
    Driver:   31.0.15.5212
Initialize mono
Mono path[0] = 'E:/UnityEditor/2022.3.26f1/Editor/Data/Managed'
Mono path[1] = 'E:/UnityEditor/2022.3.26f1/Editor/Data/MonoBleedingEdge/lib/mono/unityjit-win32'
Mono config path = 'E:/UnityEditor/2022.3.26f1/Editor/Data/MonoBleedingEdge/etc'
Using monoOptions --debugger-agent=transport=dt_socket,embedding=1,server=y,suspend=n,address=127.0.0.1:56412
Begin MonoManager ReloadAssembly
Registering precompiled unity dll's ...
Register platform support module: E:/UnityEditor/2022.3.26f1/Editor/Data/PlaybackEngines/WebGLSupport/UnityEditor.WebGL.Extensions.dll
Register platform support module: E:/UnityEditor/2022.3.26f1/Editor/Data/PlaybackEngines/MacStandaloneSupport/UnityEditor.OSXStandalone.Extensions.dll
Register platform support module: E:/UnityEditor/2022.3.26f1/Editor/Data/PlaybackEngines/WindowsStandaloneSupport/UnityEditor.WindowsStandalone.Extensions.dll
Register platform support module: E:/UnityEditor/2022.3.26f1/Editor/Data/PlaybackEngines/LinuxStandaloneSupport/UnityEditor.LinuxStandalone.Extensions.dll
Register platform support module: E:/UnityEditor/2022.3.26f1/Editor/Data/PlaybackEngines/MetroSupport/UnityEditor.UWP.Extensions.dll
Registered in 0.008634 seconds.
- Loaded All Assemblies, in  0.869 seconds
Native extension for UWP target not found
Native extension for LinuxStandalone target not found
Native extension for WindowsStandalone target not found
Native extension for OSXStandalone target not found
Native extension for WebGL target not found
Mono: successfully reloaded assembly
- Finished resetting the current domain, in  0.307 seconds
Domain Reload Profiling: 1176ms
	BeginReloadAssembly (413ms)
		ExecutionOrderSort (0ms)
		DisableScriptedObjects (0ms)
		BackupInstance (0ms)
		ReleaseScriptingObjects (0ms)
		CreateAndSetChildDomain (1ms)
	RebuildCommonClasses (63ms)
	RebuildNativeTypeToScriptingClass (17ms)
	initialDomainReloadingComplete (81ms)
	LoadAllAssembliesAndSetupDomain (294ms)
		LoadAssemblies (418ms)
		RebuildTransferFunctionScriptingTraits (0ms)
		AnalyzeDomain (285ms)
			TypeCache.Refresh (284ms)
				TypeCache.ScanAssembly (266ms)
			ScanForSourceGeneratedMonoScriptInfo (0ms)
			ResolveRequiredComponents (0ms)
	FinalizeReload (308ms)
		ReleaseScriptCaches (0ms)
		RebuildScriptCaches (0ms)
		SetupLoadedEditorAssemblies (249ms)
			LogAssemblyErrors (0ms)
			InitializePlatformSupportModulesInManaged (12ms)
			SetLoadedEditorAssemblies (4ms)
			RefreshPlugins (0ms)
			BeforeProcessingInitializeOnLoad (2ms)
			ProcessInitializeOnLoadAttributes (158ms)
			ProcessInitializeOnLoadMethodAttributes (72ms)
			AfterProcessingInitializeOnLoad (0ms)
			EditorAssembliesLoaded (0ms)
		ExecutionOrderSort2 (0ms)
		AwakeInstancesAfterBackupRestoration (0ms)
========================================================================
Worker process is ready to serve import requests
Begin MonoManager ReloadAssembly
- Loaded All Assemblies, in  1.596 seconds
Refreshing native plugins compatible for Editor in 5.85 ms, found 0 plugins.
Native extension for UWP target not found
Native extension for LinuxStandalone target not found
Native extension for WindowsStandalone target not found
Native extension for OSXStandalone target not found
Native extension for WebGL target not found
Mono: successfully reloaded assembly
- Finished resetting the current domain, in  0.350 seconds
Domain Reload Profiling: 1944ms
	BeginReloadAssembly (306ms)
		ExecutionOrderSort (0ms)
		DisableScriptedObjects (7ms)
		BackupInstance (0ms)
		ReleaseScriptingObjects (0ms)
		CreateAndSetChildDomain (24ms)
	RebuildCommonClasses (39ms)
	RebuildNativeTypeToScriptingClass (12ms)
	initialDomainReloadingComplete (28ms)
	LoadAllAssembliesAndSetupDomain (1209ms)
		LoadAssemblies (845ms)
		RebuildTransferFunctionScriptingTraits (0ms)
		AnalyzeDomain (594ms)
			TypeCache.Refresh (581ms)
				TypeCache.ScanAssembly (556ms)
			ScanForSourceGeneratedMonoScriptInfo (7ms)
			ResolveRequiredComponents (5ms)
	FinalizeReload (350ms)
		ReleaseScriptCaches (0ms)
		RebuildScriptCaches (0ms)
		SetupLoadedEditorAssemblies (212ms)
			LogAssemblyErrors (0ms)
			InitializePlatformSupportModulesInManaged (10ms)
			SetLoadedEditorAssemblies (3ms)
			RefreshPlugins (0ms)
			BeforeProcessingInitializeOnLoad (34ms)
			ProcessInitializeOnLoadAttributes (136ms)
			ProcessInitializeOnLoadMethodAttributes (27ms)
			AfterProcessingInitializeOnLoad (2ms)
			EditorAssembliesLoaded (0ms)
		ExecutionOrderSort2 (0ms)
		AwakeInstancesAfterBackupRestoration (6ms)
Launched and connected shader compiler UnityShaderCompiler.exe after 0.06 seconds
Refreshing native plugins compatible for Editor in 10.44 ms, found 0 plugins.
Preloading 0 native plugins for Editor in 0.00 ms.
Unloading 1205 Unused Serialized files (Serialized files now loaded: 0)
Unloading 49 unused Assets / (66.8 KB). Loaded Objects now: 1648.
Memory consumption went from 119.5 MB to 119.4 MB.
Total: 5.928800 ms (FindLiveObjects: 0.281300 ms CreateObjectMapping: 0.047100 ms MarkObjects: 5.257700 ms  DeleteObjects: 0.341100 ms)

AssetImportParameters requested are different than current active one (requested -> active):
  custom:video-encoder-webm-vp8: eb34c28f22e8b96e1ab97ce403110664 -> 
  custom:video-decoder-webm-vp8: 9c59270c3fd7afecdb556c50c9e8de78 -> 
  custom:audio-decoder-ogg-vorbis: bf7c407c2cedff20999df2af8eb42d56 -> 
  custom:SearchIndexIgnoredProperties: e643bd26f0fe6173181afceb89e7c659 -> 
  custom:container-demuxer-ogg: 62fdf1f143b41e24485cea50d1cbac27 -> 
  custom:AudioImporter_EditorPlatform: d09bf68614088b80899f8185d706f6e7 -> 
  custom:CustomObjectIndexerAttribute: 9a22284fe3817be447336de3de66b15e -> 
  custom:container-demuxer-webm: 4f35f7cbe854078d1ac9338744f61a02 -> 
  custom:video-codec-MediaFoundation-h265: 746d11721c4dcdbdad8f713fa42b33f4 -> 
  custom:video-decoder-ogg-theora: a1e56fd34408186e4bbccfd4996cb3dc -> 
  custom:audio-encoder-webm-vorbis: bf7c407c2cedff20999df2af8eb42d56 -> 
  custom:framework-win-MediaFoundation: 216162199b28c13a410421893ffa2e32 -> 
  custom:container-muxer-webm: aa71ff27fc2769a1b78a27578f13a17b -> 
========================================================================
Received Import Request.
  Time since last request: 733074.657017 seconds.
  path: Assets/Scripts/UI/Lists/PropData.cs
  artifactKey: Guid(406f5d2087aa8f549ba68c1473183be9) Importer(2089858483,0ecaa5967403d082aa24f35e1b516d23)
Start importing Assets/Scripts/UI/Lists/PropData.cs using Guid(406f5d2087aa8f549ba68c1473183be9) Importer(2089858483,0ecaa5967403d082aa24f35e1b516d23)  -> (artifact id: '547a0538e8649899c975bea4caf8481e') in 0.164447 seconds
Number of updated asset objects reloaded before import = 0
Number of asset objects unloaded after import = 1
========================================================================
Received Import Request.
  Time since last request: 0.000028 seconds.
  path: Assets/Scripts/UI/UiElements/UiVector.cs
  artifactKey: Guid(e93fc701c5194c942aaa7167ae9fbe9f) Importer(2089858483,0ecaa5967403d082aa24f35e1b516d23)
Start importing Assets/Scripts/UI/UiElements/UiVector.cs using Guid(e93fc701c5194c942aaa7167ae9fbe9f) Importer(2089858483,0ecaa5967403d082aa24f35e1b516d23)  -> (artifact id: 'ddfb085330169f5f54cd676effdbd4b2') in 0.013379 seconds
Number of updated asset objects reloaded before import = 0
Number of asset objects unloaded after import = 1
========================================================================
Received Import Request.
  Time since last request: 0.000092 seconds.
  path: Assets/Scripts/UI/Windows/GenericInfoPopup.cs
  artifactKey: Guid(0b24d34cce0a79c4bac936648167ee95) Importer(2089858483,0ecaa5967403d082aa24f35e1b516d23)
Start importing Assets/Scripts/UI/Windows/GenericInfoPopup.cs using Guid(0b24d34cce0a79c4bac936648167ee95) Importer(2089858483,0ecaa5967403d082aa24f35e1b516d23)  -> (artifact id: '27e5749905e905dfb4695b3bcdcfc520') in 0.012701 seconds
Number of updated asset objects reloaded before import = 0
Number of asset objects unloaded after import = 1
========================================================================
Received Import Request.
  Time since last request: 0.000080 seconds.
  path: Assets/Scripts/UI/Marker/Marker2D.cs
  artifactKey: Guid(c428b2d8915614a41bf45cabecabc605) Importer(2089858483,0ecaa5967403d082aa24f35e1b516d23)
Start importing Assets/Scripts/UI/Marker/Marker2D.cs using Guid(c428b2d8915614a41bf45cabecabc605) Importer(2089858483,0ecaa5967403d082aa24f35e1b516d23)  -> (artifact id: '36318c730031e310d446c8cd7c71d632') in 0.012735 seconds
Number of updated asset objects reloaded before import = 0
Number of asset objects unloaded after import = 1
========================================================================
Received Import Request.
  Time since last request: 0.000087 seconds.
  path: Assets/Scripts/Undo/HistoryObjects/HistoryDecalsMove.cs
  artifactKey: Guid(ce33fabaab6ee574787a9940e4d3e9fa) Importer(2089858483,0ecaa5967403d082aa24f35e1b516d23)
Start importing Assets/Scripts/Undo/HistoryObjects/HistoryDecalsMove.cs using Guid(ce33fabaab6ee574787a9940e4d3e9fa) Importer(2089858483,0ecaa5967403d082aa24f35e1b516d23)  -> (artifact id: '2b62a7039b86fb709e3c7eb39a06609d') in 0.013019 seconds
Number of updated asset objects reloaded before import = 0
Number of asset objects unloaded after import = 1
========================================================================
Received Import Request.
  Time since last request: 0.000083 seconds.
  path: Assets/Scripts/Ozone SCMAP Code/Texture/TextureScale.cs
  artifactKey: Guid(313276b92972ded48999085f24ed9007) Importer(2089858483,0ecaa5967403d082aa24f35e1b516d23)
Start importing Assets/Scripts/Ozone SCMAP Code/Texture/TextureScale.cs using Guid(313276b92972ded48999085f24ed9007) Importer(2089858483,0ecaa5967403d082aa24f35e1b516d23)  -> (artifact id: 'c0546ecd4ba9c2a6b95d9767faddd0da') in 0.013892 seconds
Number of updated asset objects reloaded before import = 0
Number of asset objects unloaded after import = 1
========================================================================
Received Import Request.
  Time since last request: 0.000020 seconds.
  path: Assets/Scripts/UI/Lists/ArmyMinimapButton.cs
  artifactKey: Guid(b0124c49e6bb8414c88c1430cfe35fbc) Importer(2089858483,0ecaa5967403d082aa24f35e1b516d23)
Start importing Assets/Scripts/UI/Lists/ArmyMinimapButton.cs using Guid(b0124c49e6bb8414c88c1430cfe35fbc) Importer(2089858483,0ecaa5967403d082aa24f35e1b516d23)  -> (artifact id: 'b06d19373ac310db1d1c43514ecbba21') in 0.013432 seconds
Number of updated asset objects reloaded before import = 0
Number of asset objects unloaded after import = 1
========================================================================
Received Import Request.
  Time since last request: 0.000020 seconds.
  path: Assets/Scripts/UI/Tools/MapInfo.cs
  artifactKey: Guid(8f648db8e19c2d24cae309fc11f71de3) Importer(2089858483,0ecaa5967403d082aa24f35e1b516d23)
Start importing Assets/Scripts/UI/Tools/MapInfo.cs using Guid(8f648db8e19c2d24cae309fc11f71de3) Importer(2089858483,0ecaa5967403d082aa24f35e1b516d23)  -> (artifact id: 'c9223492e5185c6749e4d3b63c8fe76c') in 0.012426 seconds
Number of updated asset objects reloaded before import = 0
Number of asset objects unloaded after import = 1
========================================================================
Received Import Request.
  Time since last request: 0.000023 seconds.
  path: Assets/LUA/KeraLua/NativeMethods.cs
  artifactKey: Guid(a439a1783d5e0f7479dc8ea3295195fd) Importer(2089858483,0ecaa5967403d082aa24f35e1b516d23)
Start importing Assets/LUA/KeraLua/NativeMethods.cs using Guid(a439a1783d5e0f7479dc8ea3295195fd) Importer(2089858483,0ecaa5967403d082aa24f35e1b516d23)  -> (artifact id: '3745f9a0ba9e5ba7e08bac9b1cf9dfcc') in 0.012280 seconds
Number of updated asset objects reloaded before import = 0
Number of asset objects unloaded after import = 1
========================================================================
Received Import Request.
  Time since last request: 0.000222 seconds.
  path: Assets/Prefabs/UI/OnApplicationExit.prefab
  artifactKey: Guid(ee5b546b32b850d4fae059897aa67ec6) Importer(2089858483,0ecaa5967403d082aa24f35e1b516d23)
Start importing Assets/Prefabs/UI/OnApplicationExit.prefab using Guid(ee5b546b32b850d4fae059897aa67ec6) Importer(2089858483,0ecaa5967403d082aa24f35e1b516d23)  -> (artifact id: '331b69d8a87c6424fabf9740436d2a40') in 0.052064 seconds
Number of updated asset objects reloaded before import = 0
Number of asset objects unloaded after import = 67
========================================================================
Received Import Request.
  Time since last request: 0.000017 seconds.
  path: Assets/StandaloneFileBrowser/StandaloneFileBrowserMac.cs
  artifactKey: Guid(bcb49ddb0ed5644fda9c3b055cafa27a) Importer(2089858483,0ecaa5967403d082aa24f35e1b516d23)
Start importing Assets/StandaloneFileBrowser/StandaloneFileBrowserMac.cs using Guid(bcb49ddb0ed5644fda9c3b055cafa27a) Importer(2089858483,0ecaa5967403d082aa24f35e1b516d23)  -> (artifact id: 'b0e3b11a81f7624927db05a5130687a6') in 0.009167 seconds
Number of updated asset objects reloaded before import = 0
Number of asset objects unloaded after import = 1
========================================================================
Received Import Request.
  Time since last request: 0.000022 seconds.
  path: Assets/Prefabs/UI/MarkerList.prefab
  artifactKey: Guid(f02e8e7da4bd35a4f8e4d79ce3bcfe99) Importer(2089858483,0ecaa5967403d082aa24f35e1b516d23)
Start importing Assets/Prefabs/UI/MarkerList.prefab using Guid(f02e8e7da4bd35a4f8e4d79ce3bcfe99) Importer(2089858483,0ecaa5967403d082aa24f35e1b516d23)  -> (artifact id: 'bcb07b121bfc848dfa386d2fa88f7a2c') in 0.021809 seconds
Number of updated asset objects reloaded before import = 0
Number of asset objects unloaded after import = 32
========================================================================
Received Import Request.
  Time since last request: 0.039686 seconds.
  path: Assets/Scripts/Undo/HistoryObjects/HistoryMarkersRemove.cs
  artifactKey: Guid(55e4e9c2b66bba048b16f45d30ca2232) Importer(2089858483,0ecaa5967403d082aa24f35e1b516d23)
Start importing Assets/Scripts/Undo/HistoryObjects/HistoryMarkersRemove.cs using Guid(55e4e9c2b66bba048b16f45d30ca2232) Importer(2089858483,0ecaa5967403d082aa24f35e1b516d23)  -> (artifact id: 'f629aafe0e29c85c58a7ab01132f57b4') in 0.010680 seconds
Number of updated asset objects reloaded before import = 0
Number of asset objects unloaded after import = 1
========================================================================
Received Import Request.
  Time since last request: 0.000031 seconds.
  path: Assets/Scripts/UI/Marker/Old/MarkerData.cs
  artifactKey: Guid(7f9d23251b12f214c821014463e4336b) Importer(2089858483,0ecaa5967403d082aa24f35e1b516d23)
Start importing Assets/Scripts/UI/Marker/Old/MarkerData.cs using Guid(7f9d23251b12f214c821014463e4336b) Importer(2089858483,0ecaa5967403d082aa24f35e1b516d23)  -> (artifact id: 'd4d333154cb5ed1752873d58dc7b25f3') in 0.010416 seconds
Number of updated asset objects reloaded before import = 0
Number of asset objects unloaded after import = 1
========================================================================
Received Import Request.
  Time since last request: 0.000073 seconds.
  path: Assets/Scripts/UI/Tools/Decals/DecalsControler.cs
  artifactKey: Guid(d2bb3c21463ca414894fd74dc5cac369) Importer(2089858483,0ecaa5967403d082aa24f35e1b516d23)
Start importing Assets/Scripts/UI/Tools/Decals/DecalsControler.cs using Guid(d2bb3c21463ca414894fd74dc5cac369) Importer(2089858483,0ecaa5967403d082aa24f35e1b516d23)  -> (artifact id: '6890fd388b1806d56f2fc35017f88a4c') in 0.008882 seconds
Number of updated asset objects reloaded before import = 0
Number of asset objects unloaded after import = 1
========================================================================
Received Import Request.
  Time since last request: 0.000074 seconds.
  path: Assets/Scripts/GFX/OzoneDecals/Scripts/OzoneDecalRenderer_OnPreRender.cs
  artifactKey: Guid(cd13cffec6dd570469d68d8900b3fc58) Importer(2089858483,0ecaa5967403d082aa24f35e1b516d23)
Start importing Assets/Scripts/GFX/OzoneDecals/Scripts/OzoneDecalRenderer_OnPreRender.cs using Guid(cd13cffec6dd570469d68d8900b3fc58) Importer(2089858483,0ecaa5967403d082aa24f35e1b516d23)  -> (artifact id: '3dcc35f7b7d8ae1649a8817d8798a26c') in 0.009400 seconds
Number of updated asset objects reloaded before import = 0
Number of asset objects unloaded after import = 1
========================================================================
Received Import Request.
  Time since last request: 0.000088 seconds.
  path: Assets/Scripts/Undo/HistoryObjects/HistoryTerrainType.cs
  artifactKey: Guid(7e9851e2549e413fb1e27b82f9a0d86b) Importer(2089858483,0ecaa5967403d082aa24f35e1b516d23)
Start importing Assets/Scripts/Undo/HistoryObjects/HistoryTerrainType.cs using Guid(7e9851e2549e413fb1e27b82f9a0d86b) Importer(2089858483,0ecaa5967403d082aa24f35e1b516d23)  -> (artifact id: 'e81cb6e62ced87696adc897f6f955906') in 0.009892 seconds
Number of updated asset objects reloaded before import = 0
Number of asset objects unloaded after import = 1
========================================================================
Received Import Request.
  Time since last request: 0.000021 seconds.
  path: Assets/Scripts/UI/Tools/Props/PropsInfo.cs
  artifactKey: Guid(eb6c1d8f7177ab946b40b207e030bf2c) Importer(2089858483,0ecaa5967403d082aa24f35e1b516d23)
Start importing Assets/Scripts/UI/Tools/Props/PropsInfo.cs using Guid(eb6c1d8f7177ab946b40b207e030bf2c) Importer(2089858483,0ecaa5967403d082aa24f35e1b516d23)  -> (artifact id: '9782580b6710f73e6a9f81268d2bb6fd') in 0.008554 seconds
Number of updated asset objects reloaded before import = 0
Number of asset objects unloaded after import = 1
========================================================================
Received Import Request.
  Time since last request: 0.000025 seconds.
  path: Assets/Scripts/UI/Tools/Decals/DecalsList.cs
  artifactKey: Guid(149e53e51f5791649ad3ad1f5151264f) Importer(2089858483,0ecaa5967403d082aa24f35e1b516d23)
Start importing Assets/Scripts/UI/Tools/Decals/DecalsList.cs using Guid(149e53e51f5791649ad3ad1f5151264f) Importer(2089858483,0ecaa5967403d082aa24f35e1b516d23)  -> (artifact id: 'ec71a3575be05bf66f5386ed1982618d') in 0.011327 seconds
Number of updated asset objects reloaded before import = 0
Number of asset objects unloaded after import = 1
========================================================================
Received Import Request.
  Time since last request: 0.000083 seconds.
  path: Assets/Scripts/Zkov Code/Utils/Rect.cs
  artifactKey: Guid(d2c89ff622474d0b841f7f16c95a9922) Importer(2089858483,0ecaa5967403d082aa24f35e1b516d23)
Start importing Assets/Scripts/Zkov Code/Utils/Rect.cs using Guid(d2c89ff622474d0b841f7f16c95a9922) Importer(2089858483,0ecaa5967403d082aa24f35e1b516d23)  -> (artifact id: '3e2ccf4f0062e372a43463b594db33dc') in 0.009898 seconds
Number of updated asset objects reloaded before import = 0
Number of asset objects unloaded after import = 1
========================================================================
Received Import Request.
  Time since last request: 0.000120 seconds.
  path: Assets/Scripts/UI/Tools/Markers/MarkersInfo.cs
  artifactKey: Guid(a5ceffd4a90464f448814694754c6f7c) Importer(2089858483,0ecaa5967403d082aa24f35e1b516d23)
Start importing Assets/Scripts/UI/Tools/Markers/MarkersInfo.cs using Guid(a5ceffd4a90464f448814694754c6f7c) Importer(2089858483,0ecaa5967403d082aa24f35e1b516d23)  -> (artifact id: '1ef422f36de00aa9e2bb8e46bf751b2a') in 0.009337 seconds
Number of updated asset objects reloaded before import = 0
Number of asset objects unloaded after import = 1
========================================================================
Received Import Request.
  Time since last request: 0.000034 seconds.
  path: Assets/GFX/EditorObjects/Materials/MarkerColor/Spawn.mat
  artifactKey: Guid(2f3214b28382b694e9d6c429114c2266) Importer(2089858483,0ecaa5967403d082aa24f35e1b516d23)
Start importing Assets/GFX/EditorObjects/Materials/MarkerColor/Spawn.mat using Guid(2f3214b28382b694e9d6c429114c2266) Importer(2089858483,0ecaa5967403d082aa24f35e1b516d23)  -> (artifact id: 'efd0f01129bbf1816b7179c4d5ef2b29') in 0.017406 seconds
Number of updated asset objects reloaded before import = 0
Number of asset objects unloaded after import = 1
========================================================================
Received Import Request.
  Time since last request: 0.000094 seconds.
  path: Assets/Scripts/Undo/HistoryObjects/HistoryWaterSettings.cs
  artifactKey: Guid(764b92c6822e734498235788969966db) Importer(2089858483,0ecaa5967403d082aa24f35e1b516d23)
Start importing Assets/Scripts/Undo/HistoryObjects/HistoryWaterSettings.cs using Guid(764b92c6822e734498235788969966db) Importer(2089858483,0ecaa5967403d082aa24f35e1b516d23)  -> (artifact id: '1b51d43f40f6823dcb61ab0c6fb92b87') in 0.010634 seconds
Number of updated asset objects reloaded before import = 0
Number of asset objects unloaded after import = 1
========================================================================
Received Import Request.
  Time since last request: 0.000068 seconds.
  path: Assets/Standard Assets/Editor/ImageEffects/ColorCorrectionLookupEditor.cs
  artifactKey: Guid(66c17be95fbf398439ea09f8892a8b43) Importer(2089858483,0ecaa5967403d082aa24f35e1b516d23)
Start importing Assets/Standard Assets/Editor/ImageEffects/ColorCorrectionLookupEditor.cs using Guid(66c17be95fbf398439ea09f8892a8b43) Importer(2089858483,0ecaa5967403d082aa24f35e1b516d23)  -> (artifact id: 'b0e7b6e80a773fe3c47563a31616310e') in 0.009984 seconds
Number of updated asset objects reloaded before import = 0
Number of asset objects unloaded after import = 1
========================================================================
Received Import Request.
  Time since last request: 0.000095 seconds.
  path: Assets/Scripts/UI/Tools/Stratum/StratumInfo.cs
  artifactKey: Guid(8247a595bfd10db4791f2d69f59d4401) Importer(2089858483,0ecaa5967403d082aa24f35e1b516d23)
Start importing Assets/Scripts/UI/Tools/Stratum/StratumInfo.cs using Guid(8247a595bfd10db4791f2d69f59d4401) Importer(2089858483,0ecaa5967403d082aa24f35e1b516d23)  -> (artifact id: '1dd3809be6420344e35c53542cb71f9b') in 0.010940 seconds
Number of updated asset objects reloaded before import = 0
Number of asset objects unloaded after import = 1
========================================================================
Received Import Request.
  Time since last request: 0.000046 seconds.
  path: Assets/Scripts/UI/Tools/Stratum/StratumInfo_Order.cs
  artifactKey: Guid(b1f2156b941463a4abf5b12bc86f63b5) Importer(2089858483,0ecaa5967403d082aa24f35e1b516d23)
Start importing Assets/Scripts/UI/Tools/Stratum/StratumInfo_Order.cs using Guid(b1f2156b941463a4abf5b12bc86f63b5) Importer(2089858483,0ecaa5967403d082aa24f35e1b516d23)  -> (artifact id: 'c8487bfcd4f0570bd30d1070cc317c4f') in 0.010003 seconds
Number of updated asset objects reloaded before import = 0
Number of asset objects unloaded after import = 1
========================================================================
Received Import Request.
  Time since last request: 0.000082 seconds.
  path: Assets/Standard Assets/Editor/ImageEffects/CameraMotionBlurEditor.cs
  artifactKey: Guid(80cbbe1c107bf5e43a96347d3dfc2658) Importer(2089858483,0ecaa5967403d082aa24f35e1b516d23)
Start importing Assets/Standard Assets/Editor/ImageEffects/CameraMotionBlurEditor.cs using Guid(80cbbe1c107bf5e43a96347d3dfc2658) Importer(2089858483,0ecaa5967403d082aa24f35e1b516d23)  -> (artifact id: '862ab19cab198010c3f5a6271978d952') in 0.010024 seconds
Number of updated asset objects reloaded before import = 0
Number of asset objects unloaded after import = 1
========================================================================
Received Import Request.
  Time since last request: 0.330512 seconds.
  path: Assets/Scripts/UI/Tools/Units/UnitsInfo_Units.cs
  artifactKey: Guid(55c780d1e693c0e4794b19ca512d9a07) Importer(2089858483,0ecaa5967403d082aa24f35e1b516d23)
Start importing Assets/Scripts/UI/Tools/Units/UnitsInfo_Units.cs using Guid(55c780d1e693c0e4794b19ca512d9a07) Importer(2089858483,0ecaa5967403d082aa24f35e1b516d23)  -> (artifact id: '88f6678d1676d2bf04f26f9289c165fd') in 0.010928 seconds
Number of updated asset objects reloaded before import = 0
Number of asset objects unloaded after import = 1
========================================================================
Received Import Request.
  Time since last request: 0.000037 seconds.
  path: Assets/Standard Assets/Effects/ImageEffects/Shaders/EdgeDetectNormals.shader
  artifactKey: Guid(0d1644bdf064147baa97f235fc5b4903) Importer(2089858483,0ecaa5967403d082aa24f35e1b516d23)
Start importing Assets/Standard Assets/Effects/ImageEffects/Shaders/EdgeDetectNormals.shader using Guid(0d1644bdf064147baa97f235fc5b4903) Importer(2089858483,0ecaa5967403d082aa24f35e1b516d23)  -> (artifact id: 'e8e593018fcb07dcbb3f61a734c6cd6b') in 0.012128 seconds
Number of updated asset objects reloaded before import = 0
Number of asset objects unloaded after import = 1
========================================================================
Received Import Request.
  Time since last request: 0.000077 seconds.
  path: Assets/Scripts/UI/Tools/TerrainTypes/Editor/LayerSettingsEditor.cs
  artifactKey: Guid(db02db338ba341ddbab44be2c41bc5ba) Importer(2089858483,0ecaa5967403d082aa24f35e1b516d23)
Start importing Assets/Scripts/UI/Tools/TerrainTypes/Editor/LayerSettingsEditor.cs using Guid(db02db338ba341ddbab44be2c41bc5ba) Importer(2089858483,0ecaa5967403d082aa24f35e1b516d23)  -> (artifact id: 'ec37dd0f1617c9627338ab383686acc5') in 0.008823 seconds
Number of updated asset objects reloaded before import = 0
Number of asset objects unloaded after import = 1
========================================================================
Received Import Request.
  Time since last request: 0.000016 seconds.
  path: Assets/Standard Assets/Effects/ImageEffects/Textures/MotionBlurJitter.png
  artifactKey: Guid(31f5a8611c4ed1245b18456206e798dc) Importer(2089858483,0ecaa5967403d082aa24f35e1b516d23)
Start importing Assets/Standard Assets/Effects/ImageEffects/Textures/MotionBlurJitter.png using Guid(31f5a8611c4ed1245b18456206e798dc) Importer(2089858483,0ecaa5967403d082aa24f35e1b516d23)  -> (artifact id: 'b775fb14a12b752cb289312b49b7344e') in 0.041553 seconds
Number of updated asset objects reloaded before import = 0
Number of asset objects unloaded after import = 1
========================================================================
Received Import Request.
  Time since last request: 0.000015 seconds.
  path: Assets/Standard Assets/Effects/ImageEffects/Textures/VignetteMask.png
  artifactKey: Guid(95ef4804fe0be4c999ddaa383536cde8) Importer(2089858483,0ecaa5967403d082aa24f35e1b516d23)
Start importing Assets/Standard Assets/Effects/ImageEffects/Textures/VignetteMask.png using Guid(95ef4804fe0be4c999ddaa383536cde8) Importer(2089858483,0ecaa5967403d082aa24f35e1b516d23)  -> (artifact id: '5e1c5f72bf43b3ff05eaea490bd2807c') in 0.018510 seconds
Number of updated asset objects reloaded before import = 0
Number of asset objects unloaded after import = 1
========================================================================
Received Import Request.
  Time since last request: 0.000076 seconds.
  path: Assets/Standard Assets/Effects/ImageEffects/Shaders/_BloomAndFlares/BlendForBloom.shader
  artifactKey: Guid(7856cbff0a0ca45c787d5431eb805bb0) Importer(2089858483,0ecaa5967403d082aa24f35e1b516d23)
Start importing Assets/Standard Assets/Effects/ImageEffects/Shaders/_BloomAndFlares/BlendForBloom.shader using Guid(7856cbff0a0ca45c787d5431eb805bb0) Importer(2089858483,0ecaa5967403d082aa24f35e1b516d23)  -> (artifact id: '2ebcfc21e1a675046546b7c920075e79') in 0.011014 seconds
Number of updated asset objects reloaded before import = 0
Number of asset objects unloaded after import = 1
========================================================================
Received Import Request.
  Time since last request: 0.000195 seconds.
  path: Assets/Standard Assets/Effects/ImageEffects/Shaders/_Antialiasing/FXAA3Console.shader
  artifactKey: Guid(c547503fff0e8482ea5793727057041c) Importer(2089858483,0ecaa5967403d082aa24f35e1b516d23)
Start importing Assets/Standard Assets/Effects/ImageEffects/Shaders/_Antialiasing/FXAA3Console.shader using Guid(c547503fff0e8482ea5793727057041c) Importer(2089858483,0ecaa5967403d082aa24f35e1b516d23)  -> (artifact id: '322ed13d284402316bf1c69e96d60c3e') in 0.010015 seconds
Number of updated asset objects reloaded before import = 0
Number of asset objects unloaded after import = 1
========================================================================
Received Import Request.
  Time since last request: 0.000065 seconds.
  path: Assets/Standard Assets/Effects/ImageEffects/Shaders/_BloomAndFlares/BlurAndFlares.shader
  artifactKey: Guid(be6e39cf196f146d5be72fbefb18ed75) Importer(2089858483,0ecaa5967403d082aa24f35e1b516d23)
Start importing Assets/Standard Assets/Effects/ImageEffects/Shaders/_BloomAndFlares/BlurAndFlares.shader using Guid(be6e39cf196f146d5be72fbefb18ed75) Importer(2089858483,0ecaa5967403d082aa24f35e1b516d23)  -> (artifact id: 'a1b0c669484fde14240d5ff0edf0a5d8') in 0.009456 seconds
Number of updated asset objects reloaded before import = 0
Number of asset objects unloaded after import = 1
========================================================================
Received Import Request.
  Time since last request: 0.000080 seconds.
  path: Assets/Standard Assets/Effects/ImageEffects/Textures/SphereShape.psd
  artifactKey: Guid(fc00ec05a89da4ff695a4273715cd5ce) Importer(2089858483,0ecaa5967403d082aa24f35e1b516d23)
Start importing Assets/Standard Assets/Effects/ImageEffects/Textures/SphereShape.psd using Guid(fc00ec05a89da4ff695a4273715cd5ce) Importer(2089858483,0ecaa5967403d082aa24f35e1b516d23)  -> (artifact id: 'd050d6fba2a474552ee89e5cb5d542f1') in 0.017971 seconds
Number of updated asset objects reloaded before import = 0
Number of asset objects unloaded after import = 1
========================================================================
Received Import Request.
  Time since last request: 0.000070 seconds.
  path: Assets/Standard Assets/Effects/ImageEffects/Shaders/_Antialiasing/NFAA.shader
  artifactKey: Guid(ce0cb2621f6d84e21a87414e471a3cce) Importer(2089858483,0ecaa5967403d082aa24f35e1b516d23)
Start importing Assets/Standard Assets/Effects/ImageEffects/Shaders/_Antialiasing/NFAA.shader using Guid(ce0cb2621f6d84e21a87414e471a3cce) Importer(2089858483,0ecaa5967403d082aa24f35e1b516d23)  -> (artifact id: '00fda122afca31c401b12815c278091f') in 0.008437 seconds
Number of updated asset objects reloaded before import = 0
Number of asset objects unloaded after import = 1
========================================================================
Received Import Request.
  Time since last request: 0.000087 seconds.
  path: Assets/Standard Assets/Effects/ImageEffects/Scripts/PostEffectsHelper.cs
  artifactKey: Guid(50b03df8f04b5c441aaac5b7fccb4734) Importer(2089858483,0ecaa5967403d082aa24f35e1b516d23)
Start importing Assets/Standard Assets/Effects/ImageEffects/Scripts/PostEffectsHelper.cs using Guid(50b03df8f04b5c441aaac5b7fccb4734) Importer(2089858483,0ecaa5967403d082aa24f35e1b516d23)  -> (artifact id: '91b6562f719e9904c73b1c6f53789995') in 0.009373 seconds
Number of updated asset objects reloaded before import = 0
Number of asset objects unloaded after import = 1
========================================================================
Received Import Request.
  Time since last request: 0.000061 seconds.
  path: Assets/Standard Assets/Effects/ImageEffects/Shaders/MotionBlurClear.shader
  artifactKey: Guid(7699c5fbfa27745a1abe111ab7bf9785) Importer(2089858483,0ecaa5967403d082aa24f35e1b516d23)
Start importing Assets/Standard Assets/Effects/ImageEffects/Shaders/MotionBlurClear.shader using Guid(7699c5fbfa27745a1abe111ab7bf9785) Importer(2089858483,0ecaa5967403d082aa24f35e1b516d23)  -> (artifact id: 'b8c75335c12280d4899dd7e58c078de9') in 0.008515 seconds
Number of updated asset objects reloaded before import = 0
Number of asset objects unloaded after import = 1
========================================================================
Received Import Request.
  Time since last request: 0.000035 seconds.
  path: Assets/Standard Assets/Effects/ImageEffects/Shaders/_BloomAndFlares/BlendOneOne.shader
  artifactKey: Guid(f7898d203e9b94c0dbe2bf9dd5cb32c0) Importer(2089858483,0ecaa5967403d082aa24f35e1b516d23)
Start importing Assets/Standard Assets/Effects/ImageEffects/Shaders/_BloomAndFlares/BlendOneOne.shader using Guid(f7898d203e9b94c0dbe2bf9dd5cb32c0) Importer(2089858483,0ecaa5967403d082aa24f35e1b516d23)  -> (artifact id: 'c79d909db805aac532e75fb7063c9f2a') in 0.010390 seconds
Number of updated asset objects reloaded before import = 0
Number of asset objects unloaded after import = 1
Editor requested this worker to shutdown with reason: Scaling down because of idle timeout
TcpMessagingSession - receive error: operation aborted. errorcode: 995, details: The I/O operation has been aborted because of either a thread exit or an application request.
AssetImportWorker is now disconnected from the server
Process exiting
Exiting without the bug reporter. Application will terminate with return code 0