Using pre-set license
Built from '2022.3/staging' branch; Version is '2022.3.26f1 (ec6cd8118806) revision 15494360'; Using compiler version '192829333'; Build Type 'Release'
OS: 'Windows 11  (10.0.22631) 64bit Professional' Language: 'en' Physical Memory: 65464 MB
BatchMode: 1, IsHumanControllingUs: 0, StartBugReporterOnCrash: 0, Is64bit: 1, IsPro: 1

COMMAND LINE ARGUMENTS:
E:\UnityEditor\2022.3.26f1\Editor\Unity.exe
-adb2
-batchMode
-noUpm
-name
AssetImportWorker7
-projectPath
C:/Users/rowjo/Downloads/FAForeverMapEditorcurrent
-logFile
Logs/AssetImportWorker7.log
-srvPort
65477
Successfully changed project path to: C:/Users/rowjo/Downloads/FAForeverMapEditorcurrent
C:/Users/rowjo/Downloads/FAForeverMapEditorcurrent
[UnityMemory] Configuration Parameters - Can be set up in boot.config
    "memorysetup-bucket-allocator-granularity=16"
    "memorysetup-bucket-allocator-bucket-count=8"
    "memorysetup-bucket-allocator-block-size=33554432"
    "memorysetup-bucket-allocator-block-count=8"
    "memorysetup-main-allocator-block-size=16777216"
    "memorysetup-thread-allocator-block-size=16777216"
    "memorysetup-gfx-main-allocator-block-size=16777216"
    "memorysetup-gfx-thread-allocator-block-size=16777216"
    "memorysetup-cache-allocator-block-size=4194304"
    "memorysetup-typetree-allocator-block-size=2097152"
    "memorysetup-profiler-bucket-allocator-granularity=16"
    "memorysetup-profiler-bucket-allocator-bucket-count=8"
    "memorysetup-profiler-bucket-allocator-block-size=33554432"
    "memorysetup-profiler-bucket-allocator-block-count=8"
    "memorysetup-profiler-allocator-block-size=16777216"
    "memorysetup-profiler-editor-allocator-block-size=1048576"
    "memorysetup-temp-allocator-size-main=16777216"
    "memorysetup-job-temp-allocator-block-size=2097152"
    "memorysetup-job-temp-allocator-block-size-background=1048576"
    "memorysetup-job-temp-allocator-reduction-small-platforms=262144"
    "memorysetup-allocator-temp-initial-block-size-main=262144"
    "memorysetup-allocator-temp-initial-block-size-worker=262144"
    "memorysetup-temp-allocator-size-background-worker=32768"
    "memorysetup-temp-allocator-size-job-worker=262144"
    "memorysetup-temp-allocator-size-preload-manager=33554432"
    "memorysetup-temp-allocator-size-nav-mesh-worker=65536"
    "memorysetup-temp-allocator-size-audio-worker=65536"
    "memorysetup-temp-allocator-size-cloud-worker=32768"
    "memorysetup-temp-allocator-size-gi-baking-worker=262144"
    "memorysetup-temp-allocator-size-gfx=262144"
Player connection [30076] Host "[IP] 10.0.0.85 [Port] 0 [Flags] 2 [Guid] 2468881896 [EditorId] 2468881896 [Version] 1048832 [Id] WindowsEditor(7,Josh-PC) [Debug] 1 [PackageName] WindowsEditor [ProjectName] Editor" joined multi-casting on [225.0.0.222:54997]...

Player connection [30076] Host "[IP] 10.0.0.85 [Port] 0 [Flags] 2 [Guid] 2468881896 [EditorId] 2468881896 [Version] 1048832 [Id] WindowsEditor(7,Josh-PC) [Debug] 1 [PackageName] WindowsEditor [ProjectName] Editor" joined alternative multi-casting on [225.0.0.222:34997]...

[Physics::Module] Initialized MultithreadedJobDispatcher with 31 workers.
Refreshing native plugins compatible for Editor in 36.85 ms, found 0 plugins.
Preloading 0 native plugins for Editor in 0.00 ms.
Initialize engine version: 2022.3.26f1 (ec6cd8118806)
[Subsystems] Discovering subsystems at path E:/UnityEditor/2022.3.26f1/Editor/Data/Resources/UnitySubsystems
[Subsystems] Discovering subsystems at path C:/Users/rowjo/Downloads/FAForeverMapEditorcurrent/Assets
GfxDevice: creating device client; threaded=0; jobified=0
Direct3D:
    Version:  Direct3D 11.0 [level 11.1]
    Renderer: NVIDIA GeForce RTX 3070 (ID=0x2488)
    Vendor:   NVIDIA
    VRAM:     8018 MB
    Driver:   31.0.15.5212
Initialize mono
Mono path[0] = 'E:/UnityEditor/2022.3.26f1/Editor/Data/Managed'
Mono path[1] = 'E:/UnityEditor/2022.3.26f1/Editor/Data/MonoBleedingEdge/lib/mono/unityjit-win32'
Mono config path = 'E:/UnityEditor/2022.3.26f1/Editor/Data/MonoBleedingEdge/etc'
Using monoOptions --debugger-agent=transport=dt_socket,embedding=1,server=y,suspend=n,address=127.0.0.1:56784
Begin MonoManager ReloadAssembly
Registering precompiled unity dll's ...
Register platform support module: E:/UnityEditor/2022.3.26f1/Editor/Data/PlaybackEngines/WebGLSupport/UnityEditor.WebGL.Extensions.dll
Register platform support module: E:/UnityEditor/2022.3.26f1/Editor/Data/PlaybackEngines/MacStandaloneSupport/UnityEditor.OSXStandalone.Extensions.dll
Register platform support module: E:/UnityEditor/2022.3.26f1/Editor/Data/PlaybackEngines/WindowsStandaloneSupport/UnityEditor.WindowsStandalone.Extensions.dll
Register platform support module: E:/UnityEditor/2022.3.26f1/Editor/Data/PlaybackEngines/LinuxStandaloneSupport/UnityEditor.LinuxStandalone.Extensions.dll
Register platform support module: E:/UnityEditor/2022.3.26f1/Editor/Data/PlaybackEngines/MetroSupport/UnityEditor.UWP.Extensions.dll
Registered in 0.010269 seconds.
- Loaded All Assemblies, in  0.865 seconds
Native extension for UWP target not found
Native extension for LinuxStandalone target not found
Native extension for WindowsStandalone target not found
Native extension for OSXStandalone target not found
Native extension for WebGL target not found
Mono: successfully reloaded assembly
- Finished resetting the current domain, in  0.305 seconds
Domain Reload Profiling: 1170ms
	BeginReloadAssembly (404ms)
		ExecutionOrderSort (0ms)
		DisableScriptedObjects (0ms)
		BackupInstance (0ms)
		ReleaseScriptingObjects (0ms)
		CreateAndSetChildDomain (2ms)
	RebuildCommonClasses (66ms)
	RebuildNativeTypeToScriptingClass (18ms)
	initialDomainReloadingComplete (77ms)
	LoadAllAssembliesAndSetupDomain (300ms)
		LoadAssemblies (407ms)
		RebuildTransferFunctionScriptingTraits (0ms)
		AnalyzeDomain (292ms)
			TypeCache.Refresh (291ms)
				TypeCache.ScanAssembly (274ms)
			ScanForSourceGeneratedMonoScriptInfo (0ms)
			ResolveRequiredComponents (0ms)
	FinalizeReload (306ms)
		ReleaseScriptCaches (0ms)
		RebuildScriptCaches (0ms)
		SetupLoadedEditorAssemblies (244ms)
			LogAssemblyErrors (0ms)
			InitializePlatformSupportModulesInManaged (13ms)
			SetLoadedEditorAssemblies (4ms)
			RefreshPlugins (0ms)
			BeforeProcessingInitializeOnLoad (2ms)
			ProcessInitializeOnLoadAttributes (152ms)
			ProcessInitializeOnLoadMethodAttributes (72ms)
			AfterProcessingInitializeOnLoad (0ms)
			EditorAssembliesLoaded (0ms)
		ExecutionOrderSort2 (0ms)
		AwakeInstancesAfterBackupRestoration (0ms)
========================================================================
Worker process is ready to serve import requests
Begin MonoManager ReloadAssembly
- Loaded All Assemblies, in  1.590 seconds
Refreshing native plugins compatible for Editor in 8.48 ms, found 0 plugins.
Native extension for UWP target not found
Native extension for LinuxStandalone target not found
Native extension for WindowsStandalone target not found
Native extension for OSXStandalone target not found
Native extension for WebGL target not found
Mono: successfully reloaded assembly
- Finished resetting the current domain, in  0.354 seconds
Domain Reload Profiling: 1944ms
	BeginReloadAssembly (304ms)
		ExecutionOrderSort (0ms)
		DisableScriptedObjects (6ms)
		BackupInstance (0ms)
		ReleaseScriptingObjects (0ms)
		CreateAndSetChildDomain (25ms)
	RebuildCommonClasses (39ms)
	RebuildNativeTypeToScriptingClass (11ms)
	initialDomainReloadingComplete (28ms)
	LoadAllAssembliesAndSetupDomain (1207ms)
		LoadAssemblies (856ms)
		RebuildTransferFunctionScriptingTraits (0ms)
		AnalyzeDomain (587ms)
			TypeCache.Refresh (568ms)
				TypeCache.ScanAssembly (544ms)
			ScanForSourceGeneratedMonoScriptInfo (7ms)
			ResolveRequiredComponents (6ms)
	FinalizeReload (354ms)
		ReleaseScriptCaches (0ms)
		RebuildScriptCaches (0ms)
		SetupLoadedEditorAssemblies (228ms)
			LogAssemblyErrors (0ms)
			InitializePlatformSupportModulesInManaged (10ms)
			SetLoadedEditorAssemblies (3ms)
			RefreshPlugins (0ms)
			BeforeProcessingInitializeOnLoad (41ms)
			ProcessInitializeOnLoadAttributes (145ms)
			ProcessInitializeOnLoadMethodAttributes (27ms)
			AfterProcessingInitializeOnLoad (3ms)
			EditorAssembliesLoaded (0ms)
		ExecutionOrderSort2 (0ms)
		AwakeInstancesAfterBackupRestoration (8ms)
Launched and connected shader compiler UnityShaderCompiler.exe after 0.07 seconds
Refreshing native plugins compatible for Editor in 11.39 ms, found 0 plugins.
Preloading 0 native plugins for Editor in 0.00 ms.
Unloading 1205 Unused Serialized files (Serialized files now loaded: 0)
Unloading 49 unused Assets / (66.9 KB). Loaded Objects now: 1648.
Memory consumption went from 119.6 MB to 119.6 MB.
Total: 4.550400 ms (FindLiveObjects: 0.246600 ms CreateObjectMapping: 0.040200 ms MarkObjects: 4.037700 ms  DeleteObjects: 0.224000 ms)

AssetImportParameters requested are different than current active one (requested -> active):
  custom:video-encoder-webm-vp8: eb34c28f22e8b96e1ab97ce403110664 -> 
  custom:video-decoder-webm-vp8: 9c59270c3fd7afecdb556c50c9e8de78 -> 
  custom:audio-decoder-ogg-vorbis: bf7c407c2cedff20999df2af8eb42d56 -> 
  custom:SearchIndexIgnoredProperties: e643bd26f0fe6173181afceb89e7c659 -> 
  custom:container-demuxer-ogg: 62fdf1f143b41e24485cea50d1cbac27 -> 
  custom:AudioImporter_EditorPlatform: d09bf68614088b80899f8185d706f6e7 -> 
  custom:CustomObjectIndexerAttribute: 9a22284fe3817be447336de3de66b15e -> 
  custom:container-demuxer-webm: 4f35f7cbe854078d1ac9338744f61a02 -> 
  custom:video-codec-MediaFoundation-h265: 746d11721c4dcdbdad8f713fa42b33f4 -> 
  custom:video-decoder-ogg-theora: a1e56fd34408186e4bbccfd4996cb3dc -> 
  custom:audio-encoder-webm-vorbis: bf7c407c2cedff20999df2af8eb42d56 -> 
  custom:framework-win-MediaFoundation: 216162199b28c13a410421893ffa2e32 -> 
  custom:container-muxer-webm: aa71ff27fc2769a1b78a27578f13a17b -> 
========================================================================
Received Import Request.
  Time since last request: 733074.732660 seconds.
  path: Assets/Scripts/UI/Windows/SymmetryWindow.cs
  artifactKey: Guid(ab047b5246afce44aafde8437536ea6a) Importer(2089858483,0ecaa5967403d082aa24f35e1b516d23)
Start importing Assets/Scripts/UI/Windows/SymmetryWindow.cs using Guid(ab047b5246afce44aafde8437536ea6a) Importer(2089858483,0ecaa5967403d082aa24f35e1b516d23)  -> (artifact id: '154093c5d92b0b70a29c693147fd9937') in 0.171748 seconds
Number of updated asset objects reloaded before import = 0
Number of asset objects unloaded after import = 1
========================================================================
Received Import Request.
  Time since last request: 0.000024 seconds.
  path: Assets/Scripts/Undo/HistoryObjects/HistoryAreaChange.cs
  artifactKey: Guid(6f7b595cbc1c831499b79d5c17a7ca8e) Importer(2089858483,0ecaa5967403d082aa24f35e1b516d23)
Start importing Assets/Scripts/Undo/HistoryObjects/HistoryAreaChange.cs using Guid(6f7b595cbc1c831499b79d5c17a7ca8e) Importer(2089858483,0ecaa5967403d082aa24f35e1b516d23)  -> (artifact id: '8e7df7920d82ecb28b28a58f8de69599') in 0.015617 seconds
Number of updated asset objects reloaded before import = 0
Number of asset objects unloaded after import = 1
========================================================================
Received Import Request.
  Time since last request: 0.000077 seconds.
  path: Assets/Scripts/Ozone SCMAP Code/DefaultScmapHeaders.cs
  artifactKey: Guid(cccab4e61424a1943b823e27b7fcdf50) Importer(2089858483,0ecaa5967403d082aa24f35e1b516d23)
Start importing Assets/Scripts/Ozone SCMAP Code/DefaultScmapHeaders.cs using Guid(cccab4e61424a1943b823e27b7fcdf50) Importer(2089858483,0ecaa5967403d082aa24f35e1b516d23)  -> (artifact id: '7d8d5b1e42a2f88685ed391ee63adbff') in 0.016447 seconds
Number of updated asset objects reloaded before import = 0
Number of asset objects unloaded after import = 1
========================================================================
Received Import Request.
  Time since last request: 0.000020 seconds.
  path: Assets/GFX/Splash/icon_16.png
  artifactKey: Guid(67a27382701287b42a063ccb935ca0ea) Importer(2089858483,0ecaa5967403d082aa24f35e1b516d23)
Start importing Assets/GFX/Splash/icon_16.png using Guid(67a27382701287b42a063ccb935ca0ea) Importer(2089858483,0ecaa5967403d082aa24f35e1b516d23)  -> (artifact id: '1ace61e7a78dda8672d8cd99cc94707a') in 0.066516 seconds
Number of updated asset objects reloaded before import = 0
Number of asset objects unloaded after import = 1
========================================================================
Received Import Request.
  Time since last request: 0.058901 seconds.
  path: Assets/Scripts/Undo/HistoryObjects/HistoryPropsMove.cs
  artifactKey: Guid(123c5a59e6d89e149945e5ba5a28648e) Importer(2089858483,0ecaa5967403d082aa24f35e1b516d23)
Start importing Assets/Scripts/Undo/HistoryObjects/HistoryPropsMove.cs using Guid(123c5a59e6d89e149945e5ba5a28648e) Importer(2089858483,0ecaa5967403d082aa24f35e1b516d23)  -> (artifact id: '690ee003eb4074edb5f1614bcab2340f') in 0.010333 seconds
Number of updated asset objects reloaded before import = 0
Number of asset objects unloaded after import = 1
========================================================================
Received Import Request.
  Time since last request: 0.000039 seconds.
  path: Assets/Standard Assets/Editor/ImageEffects/AntialiasingEditor.cs
  artifactKey: Guid(ba15fa37442517749a3c4640a4ad4054) Importer(2089858483,0ecaa5967403d082aa24f35e1b516d23)
Start importing Assets/Standard Assets/Editor/ImageEffects/AntialiasingEditor.cs using Guid(ba15fa37442517749a3c4640a4ad4054) Importer(2089858483,0ecaa5967403d082aa24f35e1b516d23)  -> (artifact id: '6dd9bdd17486b726e815324deb583795') in 0.011205 seconds
Number of updated asset objects reloaded before import = 0
Number of asset objects unloaded after import = 1
========================================================================
Received Import Request.
  Time since last request: 0.000031 seconds.
  path: Assets/Scripts/Zkov Code/WindowStateSever/WindowLong.cs
  artifactKey: Guid(8ba3d9f467ce4c1f87e99f6ced54b7f9) Importer(2089858483,0ecaa5967403d082aa24f35e1b516d23)
Start importing Assets/Scripts/Zkov Code/WindowStateSever/WindowLong.cs using Guid(8ba3d9f467ce4c1f87e99f6ced54b7f9) Importer(2089858483,0ecaa5967403d082aa24f35e1b516d23)  -> (artifact id: '190f6b217c1cf459cf373a20d487cd5c') in 0.010409 seconds
Number of updated asset objects reloaded before import = 0
Number of asset objects unloaded after import = 1
========================================================================
Received Import Request.
  Time since last request: 0.000073 seconds.
  path: Assets/Scripts/Undo/HistoryObjects/HistoryWaterWaves.cs
  artifactKey: Guid(9afc00074b3097b4d9f718c782e7301b) Importer(2089858483,0ecaa5967403d082aa24f35e1b516d23)
Start importing Assets/Scripts/Undo/HistoryObjects/HistoryWaterWaves.cs using Guid(9afc00074b3097b4d9f718c782e7301b) Importer(2089858483,0ecaa5967403d082aa24f35e1b516d23)  -> (artifact id: 'd5a5b218791f31c660afe1f6e836fcc6') in 0.007864 seconds
Number of updated asset objects reloaded before import = 0
Number of asset objects unloaded after import = 1
========================================================================
Received Import Request.
  Time since last request: 0.000061 seconds.
  path: Assets/Scripts/UI/Tools/Markers/NewMarkersInfo.cs
  artifactKey: Guid(132572f1004e0ea44b08f7f3a1c0df27) Importer(2089858483,0ecaa5967403d082aa24f35e1b516d23)
Start importing Assets/Scripts/UI/Tools/Markers/NewMarkersInfo.cs using Guid(132572f1004e0ea44b08f7f3a1c0df27) Importer(2089858483,0ecaa5967403d082aa24f35e1b516d23)  -> (artifact id: 'd280ea70a20fcf86d7f749fb8a618e49') in 0.010018 seconds
Number of updated asset objects reloaded before import = 0
Number of asset objects unloaded after import = 1
========================================================================
Received Import Request.
  Time since last request: 0.000021 seconds.
  path: Assets/Scripts/UI/Tools/Decals/DecalsInfo_Selection.cs
  artifactKey: Guid(f5ccff869262060459623fe4e53a4ded) Importer(2089858483,0ecaa5967403d082aa24f35e1b516d23)
Start importing Assets/Scripts/UI/Tools/Decals/DecalsInfo_Selection.cs using Guid(f5ccff869262060459623fe4e53a4ded) Importer(2089858483,0ecaa5967403d082aa24f35e1b516d23)  -> (artifact id: '38544cc2d668bd857e3d31a3cba00ded') in 0.008783 seconds
Number of updated asset objects reloaded before import = 0
Number of asset objects unloaded after import = 1
========================================================================
Received Import Request.
  Time since last request: 0.000023 seconds.
  path: Assets/GFX/EditorObjects/Materials/MarkerColor/Orange.mat
  artifactKey: Guid(b380e3f39bd5fcb43963743db90512ce) Importer(2089858483,0ecaa5967403d082aa24f35e1b516d23)
Start importing Assets/GFX/EditorObjects/Materials/MarkerColor/Orange.mat using Guid(b380e3f39bd5fcb43963743db90512ce) Importer(2089858483,0ecaa5967403d082aa24f35e1b516d23)  -> (artifact id: '357fad2a629dec165f0d64721afdc677') in 0.016161 seconds
Number of updated asset objects reloaded before import = 0
Number of asset objects unloaded after import = 1
========================================================================
Received Import Request.
  Time since last request: 0.000065 seconds.
  path: Assets/Standard Assets/Editor/ImageEffects/DepthOfFieldEditor.cs
  artifactKey: Guid(427fdf36119bab44a9131abd19b90f57) Importer(2089858483,0ecaa5967403d082aa24f35e1b516d23)
Start importing Assets/Standard Assets/Editor/ImageEffects/DepthOfFieldEditor.cs using Guid(427fdf36119bab44a9131abd19b90f57) Importer(2089858483,0ecaa5967403d082aa24f35e1b516d23)  -> (artifact id: '139987bd65f8b0915074ff7b1ca9a676') in 0.009079 seconds
Number of updated asset objects reloaded before import = 0
Number of asset objects unloaded after import = 1
========================================================================
Received Import Request.
  Time since last request: 0.000017 seconds.
  path: Assets/Scripts/Zkov Code/WindowStateSever/WindowStyle.cs
  artifactKey: Guid(fae37354ce3a4639a44546bf617dd7de) Importer(2089858483,0ecaa5967403d082aa24f35e1b516d23)
Start importing Assets/Scripts/Zkov Code/WindowStateSever/WindowStyle.cs using Guid(fae37354ce3a4639a44546bf617dd7de) Importer(2089858483,0ecaa5967403d082aa24f35e1b516d23)  -> (artifact id: '67b830e32c04f06faf475dd98e0c5697') in 0.008428 seconds
Number of updated asset objects reloaded before import = 0
Number of asset objects unloaded after import = 1
========================================================================
Received Import Request.
  Time since last request: 0.000056 seconds.
  path: Assets/Scripts/Ozone SCMAP Code/Lua/Parser/LuaParser_Read.cs
  artifactKey: Guid(04d7199318495324cb089503fe1102ce) Importer(2089858483,0ecaa5967403d082aa24f35e1b516d23)
Start importing Assets/Scripts/Ozone SCMAP Code/Lua/Parser/LuaParser_Read.cs using Guid(04d7199318495324cb089503fe1102ce) Importer(2089858483,0ecaa5967403d082aa24f35e1b516d23)  -> (artifact id: '48c123b26c7405eacc64b2dc3c3c3995') in 0.009405 seconds
Number of updated asset objects reloaded before import = 0
Number of asset objects unloaded after import = 1
========================================================================
Received Import Request.
  Time since last request: 0.000042 seconds.
  path: Assets/Scripts/UI/Tools/Markers/AdaptiveInfo.cs
  artifactKey: Guid(d0e3ae817c58c424899a57440cad2bc0) Importer(2089858483,0ecaa5967403d082aa24f35e1b516d23)
Start importing Assets/Scripts/UI/Tools/Markers/AdaptiveInfo.cs using Guid(d0e3ae817c58c424899a57440cad2bc0) Importer(2089858483,0ecaa5967403d082aa24f35e1b516d23)  -> (artifact id: 'cae3a3453c3194484e6d63d4e68fc6cf') in 0.007679 seconds
Number of updated asset objects reloaded before import = 0
Number of asset objects unloaded after import = 1
========================================================================
Received Import Request.
  Time since last request: 0.000064 seconds.
  path: Assets/Scripts/Undo/HistoryObjects/HistoryUnitsRemove.cs
  artifactKey: Guid(6a3429d34bc406247922c767a24120a9) Importer(2089858483,0ecaa5967403d082aa24f35e1b516d23)
Start importing Assets/Scripts/Undo/HistoryObjects/HistoryUnitsRemove.cs using Guid(6a3429d34bc406247922c767a24120a9) Importer(2089858483,0ecaa5967403d082aa24f35e1b516d23)  -> (artifact id: '8f56b0e15398f1d7fcd0c4371c6320f4') in 0.010157 seconds
Number of updated asset objects reloaded before import = 0
Number of asset objects unloaded after import = 1
========================================================================
Received Import Request.
  Time since last request: 0.000056 seconds.
  path: Assets/GFX/EditorObjects/Materials/MarkerColor/Pink.mat
  artifactKey: Guid(d2271bcf68b4ce644ac74fe785127681) Importer(2089858483,0ecaa5967403d082aa24f35e1b516d23)
Start importing Assets/GFX/EditorObjects/Materials/MarkerColor/Pink.mat using Guid(d2271bcf68b4ce644ac74fe785127681) Importer(2089858483,0ecaa5967403d082aa24f35e1b516d23)  -> (artifact id: '976d15c08939a7c06533604e95fbaa9d') in 0.010737 seconds
Number of updated asset objects reloaded before import = 0
Number of asset objects unloaded after import = 1
========================================================================
Received Import Request.
  Time since last request: 0.000017 seconds.
  path: Assets/Scripts/Zkov Code/WindowStateSever/WindowStateSaver.cs
  artifactKey: Guid(2deb7412ac234a00bc0dd582ea6c9560) Importer(2089858483,0ecaa5967403d082aa24f35e1b516d23)
Start importing Assets/Scripts/Zkov Code/WindowStateSever/WindowStateSaver.cs using Guid(2deb7412ac234a00bc0dd582ea6c9560) Importer(2089858483,0ecaa5967403d082aa24f35e1b516d23)  -> (artifact id: '72522d373071933255e97fe033945e85') in 0.009735 seconds
Number of updated asset objects reloaded before import = 0
Number of asset objects unloaded after import = 1
========================================================================
Received Import Request.
  Time since last request: 0.000027 seconds.
  path: Assets/Standard Assets/Editor/ImageEffects/DepthOfFieldDeprecatedEditor.cs
  artifactKey: Guid(943c59645eb905144a0990b57e13a6f9) Importer(2089858483,0ecaa5967403d082aa24f35e1b516d23)
Start importing Assets/Standard Assets/Editor/ImageEffects/DepthOfFieldDeprecatedEditor.cs using Guid(943c59645eb905144a0990b57e13a6f9) Importer(2089858483,0ecaa5967403d082aa24f35e1b516d23)  -> (artifact id: '00f5751babcdd8133bbf0e15f9d47e1e') in 0.010729 seconds
Number of updated asset objects reloaded before import = 0
Number of asset objects unloaded after import = 1
========================================================================
Received Import Request.
  Time since last request: 0.000017 seconds.
  path: Assets/Scripts/UI/Tools/Decals/DecalsInfo_Marge.cs
  artifactKey: Guid(57e6c042ece191a46b45dc6bdb7d74d1) Importer(2089858483,0ecaa5967403d082aa24f35e1b516d23)
Start importing Assets/Scripts/UI/Tools/Decals/DecalsInfo_Marge.cs using Guid(57e6c042ece191a46b45dc6bdb7d74d1) Importer(2089858483,0ecaa5967403d082aa24f35e1b516d23)  -> (artifact id: '544b7589e8fa6663f455bcfbc3a1dcd3') in 0.009220 seconds
Number of updated asset objects reloaded before import = 0
Number of asset objects unloaded after import = 1
========================================================================
Received Import Request.
  Time since last request: 0.327890 seconds.
  path: Assets/Standard Assets/Effects/ImageEffects/Scripts/Antialiasing.cs
  artifactKey: Guid(646b5bc27a658f447b1d929fd5ffbd70) Importer(2089858483,0ecaa5967403d082aa24f35e1b516d23)
Start importing Assets/Standard Assets/Effects/ImageEffects/Scripts/Antialiasing.cs using Guid(646b5bc27a658f447b1d929fd5ffbd70) Importer(2089858483,0ecaa5967403d082aa24f35e1b516d23)  -> (artifact id: 'b662473b1c87ac5f95cbedccf95cce2d') in 0.010205 seconds
Number of updated asset objects reloaded before import = 0
Number of asset objects unloaded after import = 1
========================================================================
Received Import Request.
  Time since last request: 0.000016 seconds.
  path: Assets/Standard Assets/Effects/ImageEffects/Scripts/BloomOptimized.cs
  artifactKey: Guid(4975a6e437fc3b149a8cd508ce5bdd69) Importer(2089858483,0ecaa5967403d082aa24f35e1b516d23)
Start importing Assets/Standard Assets/Effects/ImageEffects/Scripts/BloomOptimized.cs using Guid(4975a6e437fc3b149a8cd508ce5bdd69) Importer(2089858483,0ecaa5967403d082aa24f35e1b516d23)  -> (artifact id: '31dbcaa4edc5ac725eb3d680d69d6ee3') in 0.010170 seconds
Number of updated asset objects reloaded before import = 0
Number of asset objects unloaded after import = 1
========================================================================
Received Import Request.
  Time since last request: 0.000113 seconds.
  path: Assets/Standard Assets/Effects/ImageEffects/Shaders/frag_ao.cginc
  artifactKey: Guid(51ae11a5cd82fda468a85179946d672a) Importer(2089858483,0ecaa5967403d082aa24f35e1b516d23)
Start importing Assets/Standard Assets/Effects/ImageEffects/Shaders/frag_ao.cginc using Guid(51ae11a5cd82fda468a85179946d672a) Importer(2089858483,0ecaa5967403d082aa24f35e1b516d23)  -> (artifact id: 'fd231b336f3d5c14432895c9a99cbedd') in 0.008606 seconds
Number of updated asset objects reloaded before import = 0
Number of asset objects unloaded after import = 1
========================================================================
Received Import Request.
  Time since last request: 0.000018 seconds.
  path: Assets/Standard Assets/Effects/ImageEffects/Scripts/Fisheye.cs
  artifactKey: Guid(4739c22ef73ad62488fe344c8fe9addd) Importer(2089858483,0ecaa5967403d082aa24f35e1b516d23)
Start importing Assets/Standard Assets/Effects/ImageEffects/Scripts/Fisheye.cs using Guid(4739c22ef73ad62488fe344c8fe9addd) Importer(2089858483,0ecaa5967403d082aa24f35e1b516d23)  -> (artifact id: '75fec93d8140a58a919a3d8546e9f1b0') in 0.009813 seconds
Number of updated asset objects reloaded before import = 0
Number of asset objects unloaded after import = 1
========================================================================
Received Import Request.
  Time since last request: 0.000110 seconds.
  path: Assets/Standard Assets/Effects/ImageEffects/Shaders/VortexEffect.shader
  artifactKey: Guid(708b781cad112c75d0008dfa8d76c639) Importer(2089858483,0ecaa5967403d082aa24f35e1b516d23)
Start importing Assets/Standard Assets/Effects/ImageEffects/Shaders/VortexEffect.shader using Guid(708b781cad112c75d0008dfa8d76c639) Importer(2089858483,0ecaa5967403d082aa24f35e1b516d23)  -> (artifact id: '54dc014e4291a39aeff7d708dd7a64b7') in 0.010207 seconds
Number of updated asset objects reloaded before import = 0
Number of asset objects unloaded after import = 1
========================================================================
Received Import Request.
  Time since last request: 0.000054 seconds.
  path: Assets/Standard Assets/Effects/ImageEffects/Shaders/ContrastComposite.shader
  artifactKey: Guid(273404942eede4ea1883ca1fb2942507) Importer(2089858483,0ecaa5967403d082aa24f35e1b516d23)
Start importing Assets/Standard Assets/Effects/ImageEffects/Shaders/ContrastComposite.shader using Guid(273404942eede4ea1883ca1fb2942507) Importer(2089858483,0ecaa5967403d082aa24f35e1b516d23)  -> (artifact id: '06d24fa1ba982839b97251eae04d4022') in 0.009349 seconds
Number of updated asset objects reloaded before import = 0
Number of asset objects unloaded after import = 1
========================================================================
Received Import Request.
  Time since last request: 0.000058 seconds.
  path: Assets/Standard Assets/Effects/ImageEffects/Shaders/_BloomAndFlares/Blend.shader
  artifactKey: Guid(53b3960ee3d3d4a5caa8d5473d120187) Importer(2089858483,0ecaa5967403d082aa24f35e1b516d23)
Start importing Assets/Standard Assets/Effects/ImageEffects/Shaders/_BloomAndFlares/Blend.shader using Guid(53b3960ee3d3d4a5caa8d5473d120187) Importer(2089858483,0ecaa5967403d082aa24f35e1b516d23)  -> (artifact id: '1fed5bb5ba3599f6fd91744531151da3') in 0.009969 seconds
Number of updated asset objects reloaded before import = 0
Number of asset objects unloaded after import = 1
========================================================================
Received Import Request.
  Time since last request: 0.000082 seconds.
  path: Assets/Standard Assets/Effects/ImageEffects/Scripts/ImageEffectBase.cs
  artifactKey: Guid(f6469eb0ad1119d6d00011d98d76c639) Importer(2089858483,0ecaa5967403d082aa24f35e1b516d23)
Start importing Assets/Standard Assets/Effects/ImageEffects/Scripts/ImageEffectBase.cs using Guid(f6469eb0ad1119d6d00011d98d76c639) Importer(2089858483,0ecaa5967403d082aa24f35e1b516d23)  -> (artifact id: 'a840598ee37e67145c86f3fcf156457c') in 0.008850 seconds
Number of updated asset objects reloaded before import = 0
Number of asset objects unloaded after import = 1
========================================================================
Received Import Request.
  Time since last request: 0.000060 seconds.
  path: Assets/Standard Assets/Effects/ImageEffects/Shaders/_BloomAndFlares/MobileBlur.shader
  artifactKey: Guid(f9d5fa183cd6b45eeb1491f74863cd91) Importer(2089858483,0ecaa5967403d082aa24f35e1b516d23)
Start importing Assets/Standard Assets/Effects/ImageEffects/Shaders/_BloomAndFlares/MobileBlur.shader using Guid(f9d5fa183cd6b45eeb1491f74863cd91) Importer(2089858483,0ecaa5967403d082aa24f35e1b516d23)  -> (artifact id: '746ea5414f08e4c72aea32a5e4ba9387') in 0.008979 seconds
Number of updated asset objects reloaded before import = 0
Number of asset objects unloaded after import = 1
========================================================================
Received Import Request.
  Time since last request: 0.000223 seconds.
  path: Assets/Standard Assets/Effects/ImageEffects/Shaders/ScreenSpaceAmbientObscurance.shader
  artifactKey: Guid(95616c020c5604dda96cf76afbbc0272) Importer(2089858483,0ecaa5967403d082aa24f35e1b516d23)
Start importing Assets/Standard Assets/Effects/ImageEffects/Shaders/ScreenSpaceAmbientObscurance.shader using Guid(95616c020c5604dda96cf76afbbc0272) Importer(2089858483,0ecaa5967403d082aa24f35e1b516d23)  -> (artifact id: 'd7d1b31bb1b832d95c95c6b10d72ecc6') in 0.011200 seconds
Number of updated asset objects reloaded before import = 0
Number of asset objects unloaded after import = 1
========================================================================
Received Import Request.
  Time since last request: 0.000036 seconds.
  path: Assets/Standard Assets/Effects/ImageEffects/Shaders/_Antialiasing/SSAA.shader
  artifactKey: Guid(b3728d1488b02490cbd196c7941bf1f8) Importer(2089858483,0ecaa5967403d082aa24f35e1b516d23)
Start importing Assets/Standard Assets/Effects/ImageEffects/Shaders/_Antialiasing/SSAA.shader using Guid(b3728d1488b02490cbd196c7941bf1f8) Importer(2089858483,0ecaa5967403d082aa24f35e1b516d23)  -> (artifact id: 'bfae2a674e553de40b8f63efd5e652e7') in 0.009026 seconds
Number of updated asset objects reloaded before import = 0
Number of asset objects unloaded after import = 1
========================================================================
Received Import Request.
  Time since last request: 0.000112 seconds.
  path: Assets/Standard Assets/Effects/ImageEffects/Textures/Neutral3D16.png
  artifactKey: Guid(a4b474cd484494a4aaa4bbf928219d09) Importer(2089858483,0ecaa5967403d082aa24f35e1b516d23)
Start importing Assets/Standard Assets/Effects/ImageEffects/Textures/Neutral3D16.png using Guid(a4b474cd484494a4aaa4bbf928219d09) Importer(2089858483,0ecaa5967403d082aa24f35e1b516d23)  -> (artifact id: '64d513247c7ca0027dfcfd3ef47624fc') in 0.016727 seconds
Number of updated asset objects reloaded before import = 0
Number of asset objects unloaded after import = 1
========================================================================
Received Import Request.
  Time since last request: 0.000106 seconds.
  path: Assets/Standard Assets/Effects/ImageEffects/Textures/ContrastEnhanced3D16.png
  artifactKey: Guid(ecd9a2c463dcb476891e43d7c9f16ffa) Importer(2089858483,0ecaa5967403d082aa24f35e1b516d23)
Start importing Assets/Standard Assets/Effects/ImageEffects/Textures/ContrastEnhanced3D16.png using Guid(ecd9a2c463dcb476891e43d7c9f16ffa) Importer(2089858483,0ecaa5967403d082aa24f35e1b516d23)  -> (artifact id: '18181201c76e66ad6f58b765b5599b65') in 0.017950 seconds
Number of updated asset objects reloaded before import = 0
Number of asset objects unloaded after import = 1
========================================================================
Received Import Request.
  Time since last request: 0.000021 seconds.
  path: Assets/Standard Assets/Effects/ImageEffects/Shaders/ColorCorrectionCurvesSimple.shader
  artifactKey: Guid(438ddd58d82c84d9eb1fdc56111702e1) Importer(2089858483,0ecaa5967403d082aa24f35e1b516d23)
Start importing Assets/Standard Assets/Effects/ImageEffects/Shaders/ColorCorrectionCurvesSimple.shader using Guid(438ddd58d82c84d9eb1fdc56111702e1) Importer(2089858483,0ecaa5967403d082aa24f35e1b516d23)  -> (artifact id: '3e34cabe616549c9617b6558c8242931') in 0.011149 seconds
Number of updated asset objects reloaded before import = 0
Number of asset objects unloaded after import = 1
========================================================================
Received Import Request.
  Time since last request: 0.000117 seconds.
  path: Assets/Standard Assets/Effects/ImageEffects/Shaders/_BloomAndFlares/BrightPassFilter2.shader
  artifactKey: Guid(0aeaa4cb29f5d4e9c8455f04c8575c8c) Importer(2089858483,0ecaa5967403d082aa24f35e1b516d23)
Start importing Assets/Standard Assets/Effects/ImageEffects/Shaders/_BloomAndFlares/BrightPassFilter2.shader using Guid(0aeaa4cb29f5d4e9c8455f04c8575c8c) Importer(2089858483,0ecaa5967403d082aa24f35e1b516d23)  -> (artifact id: '5246299cd84fd344d3587f55a7d6cf91') in 0.010231 seconds
Number of updated asset objects reloaded before import = 0
Number of asset objects unloaded after import = 1
========================================================================
Received Import Request.
  Time since last request: 0.000015 seconds.
  path: Assets/Standard Assets/Effects/ImageEffects/Scripts/Blur.cs
  artifactKey: Guid(34382083ad114a07d000fbfb8d76c639) Importer(2089858483,0ecaa5967403d082aa24f35e1b516d23)
Start importing Assets/Standard Assets/Effects/ImageEffects/Scripts/Blur.cs using Guid(34382083ad114a07d000fbfb8d76c639) Importer(2089858483,0ecaa5967403d082aa24f35e1b516d23)  -> (artifact id: 'ddccd855efb678175df0e3c60f6a7fca') in 0.008967 seconds
Number of updated asset objects reloaded before import = 0
Number of asset objects unloaded after import = 1
Editor requested this worker to shutdown with reason: Scaling down because of idle timeout
TcpMessagingSession - receive error: operation aborted. errorcode: 995, details: The I/O operation has been aborted because of either a thread exit or an application request.
AssetImportWorker is now disconnected from the server
Process exiting
Exiting without the bug reporter. Application will terminate with return code 0