Using pre-set license
Built from '2022.3/staging' branch; Version is '2022.3.26f1 (ec6cd8118806) revision 15494360'; Using compiler version '192829333'; Build Type 'Release'
OS: 'Windows 11  (10.0.22631) 64bit Professional' Language: 'en' Physical Memory: 65464 MB
BatchMode: 1, IsHumanControllingUs: 0, StartBugReporterOnCrash: 0, Is64bit: 1, IsPro: 1

COMMAND LINE ARGUMENTS:
E:\UnityEditor\2022.3.26f1\Editor\Unity.exe
-adb2
-batchMode
-noUpm
-name
AssetImportWorker4
-projectPath
C:/Users/rowjo/Downloads/FAForeverMapEditorcurrent
-logFile
Logs/AssetImportWorker4.log
-srvPort
65477
Successfully changed project path to: C:/Users/rowjo/Downloads/FAForeverMapEditorcurrent
C:/Users/rowjo/Downloads/FAForeverMapEditorcurrent
[UnityMemory] Configuration Parameters - Can be set up in boot.config
    "memorysetup-bucket-allocator-granularity=16"
    "memorysetup-bucket-allocator-bucket-count=8"
    "memorysetup-bucket-allocator-block-size=33554432"
    "memorysetup-bucket-allocator-block-count=8"
    "memorysetup-main-allocator-block-size=16777216"
    "memorysetup-thread-allocator-block-size=16777216"
    "memorysetup-gfx-main-allocator-block-size=16777216"
    "memorysetup-gfx-thread-allocator-block-size=16777216"
    "memorysetup-cache-allocator-block-size=4194304"
    "memorysetup-typetree-allocator-block-size=2097152"
    "memorysetup-profiler-bucket-allocator-granularity=16"
    "memorysetup-profiler-bucket-allocator-bucket-count=8"
    "memorysetup-profiler-bucket-allocator-block-size=33554432"
    "memorysetup-profiler-bucket-allocator-block-count=8"
    "memorysetup-profiler-allocator-block-size=16777216"
    "memorysetup-profiler-editor-allocator-block-size=1048576"
    "memorysetup-temp-allocator-size-main=16777216"
    "memorysetup-job-temp-allocator-block-size=2097152"
    "memorysetup-job-temp-allocator-block-size-background=1048576"
    "memorysetup-job-temp-allocator-reduction-small-platforms=262144"
    "memorysetup-allocator-temp-initial-block-size-main=262144"
    "memorysetup-allocator-temp-initial-block-size-worker=262144"
    "memorysetup-temp-allocator-size-background-worker=32768"
    "memorysetup-temp-allocator-size-job-worker=262144"
    "memorysetup-temp-allocator-size-preload-manager=33554432"
    "memorysetup-temp-allocator-size-nav-mesh-worker=65536"
    "memorysetup-temp-allocator-size-audio-worker=65536"
    "memorysetup-temp-allocator-size-cloud-worker=32768"
    "memorysetup-temp-allocator-size-gi-baking-worker=262144"
    "memorysetup-temp-allocator-size-gfx=262144"
Player connection [26292] Host "[IP] 10.0.0.85 [Port] 0 [Flags] 2 [Guid] 2109791837 [EditorId] 2109791837 [Version] 1048832 [Id] WindowsEditor(7,Josh-PC) [Debug] 1 [PackageName] WindowsEditor [ProjectName] Editor" joined multi-casting on [225.0.0.222:54997]...

Player connection [26292] Host "[IP] 10.0.0.85 [Port] 0 [Flags] 2 [Guid] 2109791837 [EditorId] 2109791837 [Version] 1048832 [Id] WindowsEditor(7,Josh-PC) [Debug] 1 [PackageName] WindowsEditor [ProjectName] Editor" joined alternative multi-casting on [225.0.0.222:34997]...

[Physics::Module] Initialized MultithreadedJobDispatcher with 31 workers.
Refreshing native plugins compatible for Editor in 37.05 ms, found 0 plugins.
Preloading 0 native plugins for Editor in 0.00 ms.
Initialize engine version: 2022.3.26f1 (ec6cd8118806)
[Subsystems] Discovering subsystems at path E:/UnityEditor/2022.3.26f1/Editor/Data/Resources/UnitySubsystems
[Subsystems] Discovering subsystems at path C:/Users/rowjo/Downloads/FAForeverMapEditorcurrent/Assets
GfxDevice: creating device client; threaded=0; jobified=0
Direct3D:
    Version:  Direct3D 11.0 [level 11.1]
    Renderer: NVIDIA GeForce RTX 3070 (ID=0x2488)
    Vendor:   NVIDIA
    VRAM:     8018 MB
    Driver:   31.0.15.5212
Initialize mono
Mono path[0] = 'E:/UnityEditor/2022.3.26f1/Editor/Data/Managed'
Mono path[1] = 'E:/UnityEditor/2022.3.26f1/Editor/Data/MonoBleedingEdge/lib/mono/unityjit-win32'
Mono config path = 'E:/UnityEditor/2022.3.26f1/Editor/Data/MonoBleedingEdge/etc'
Using monoOptions --debugger-agent=transport=dt_socket,embedding=1,server=y,suspend=n,address=127.0.0.1:56364
Begin MonoManager ReloadAssembly
Registering precompiled unity dll's ...
Register platform support module: E:/UnityEditor/2022.3.26f1/Editor/Data/PlaybackEngines/WebGLSupport/UnityEditor.WebGL.Extensions.dll
Register platform support module: E:/UnityEditor/2022.3.26f1/Editor/Data/PlaybackEngines/MacStandaloneSupport/UnityEditor.OSXStandalone.Extensions.dll
Register platform support module: E:/UnityEditor/2022.3.26f1/Editor/Data/PlaybackEngines/WindowsStandaloneSupport/UnityEditor.WindowsStandalone.Extensions.dll
Register platform support module: E:/UnityEditor/2022.3.26f1/Editor/Data/PlaybackEngines/LinuxStandaloneSupport/UnityEditor.LinuxStandalone.Extensions.dll
Register platform support module: E:/UnityEditor/2022.3.26f1/Editor/Data/PlaybackEngines/MetroSupport/UnityEditor.UWP.Extensions.dll
Registered in 0.009201 seconds.
- Loaded All Assemblies, in  0.828 seconds
Native extension for UWP target not found
Native extension for LinuxStandalone target not found
Native extension for WindowsStandalone target not found
Native extension for OSXStandalone target not found
Native extension for WebGL target not found
Mono: successfully reloaded assembly
- Finished resetting the current domain, in  0.314 seconds
Domain Reload Profiling: 1142ms
	BeginReloadAssembly (371ms)
		ExecutionOrderSort (0ms)
		DisableScriptedObjects (0ms)
		BackupInstance (0ms)
		ReleaseScriptingObjects (0ms)
		CreateAndSetChildDomain (1ms)
	RebuildCommonClasses (71ms)
	RebuildNativeTypeToScriptingClass (17ms)
	initialDomainReloadingComplete (76ms)
	LoadAllAssembliesAndSetupDomain (293ms)
		LoadAssemblies (376ms)
		RebuildTransferFunctionScriptingTraits (0ms)
		AnalyzeDomain (285ms)
			TypeCache.Refresh (284ms)
				TypeCache.ScanAssembly (266ms)
			ScanForSourceGeneratedMonoScriptInfo (0ms)
			ResolveRequiredComponents (0ms)
	FinalizeReload (315ms)
		ReleaseScriptCaches (0ms)
		RebuildScriptCaches (0ms)
		SetupLoadedEditorAssemblies (257ms)
			LogAssemblyErrors (0ms)
			InitializePlatformSupportModulesInManaged (14ms)
			SetLoadedEditorAssemblies (4ms)
			RefreshPlugins (0ms)
			BeforeProcessingInitializeOnLoad (2ms)
			ProcessInitializeOnLoadAttributes (165ms)
			ProcessInitializeOnLoadMethodAttributes (72ms)
			AfterProcessingInitializeOnLoad (0ms)
			EditorAssembliesLoaded (0ms)
		ExecutionOrderSort2 (0ms)
		AwakeInstancesAfterBackupRestoration (0ms)
========================================================================
Worker process is ready to serve import requests
Begin MonoManager ReloadAssembly
- Loaded All Assemblies, in  1.599 seconds
Refreshing native plugins compatible for Editor in 6.30 ms, found 0 plugins.
Native extension for UWP target not found
Native extension for LinuxStandalone target not found
Native extension for WindowsStandalone target not found
Native extension for OSXStandalone target not found
Native extension for WebGL target not found
Mono: successfully reloaded assembly
- Finished resetting the current domain, in  0.387 seconds
Domain Reload Profiling: 1985ms
	BeginReloadAssembly (304ms)
		ExecutionOrderSort (0ms)
		DisableScriptedObjects (7ms)
		BackupInstance (0ms)
		ReleaseScriptingObjects (0ms)
		CreateAndSetChildDomain (22ms)
	RebuildCommonClasses (49ms)
	RebuildNativeTypeToScriptingClass (11ms)
	initialDomainReloadingComplete (31ms)
	LoadAllAssembliesAndSetupDomain (1203ms)
		LoadAssemblies (862ms)
		RebuildTransferFunctionScriptingTraits (0ms)
		AnalyzeDomain (581ms)
			TypeCache.Refresh (568ms)
				TypeCache.ScanAssembly (543ms)
			ScanForSourceGeneratedMonoScriptInfo (5ms)
			ResolveRequiredComponents (4ms)
	FinalizeReload (388ms)
		ReleaseScriptCaches (0ms)
		RebuildScriptCaches (0ms)
		SetupLoadedEditorAssemblies (247ms)
			LogAssemblyErrors (0ms)
			InitializePlatformSupportModulesInManaged (9ms)
			SetLoadedEditorAssemblies (4ms)
			RefreshPlugins (0ms)
			BeforeProcessingInitializeOnLoad (41ms)
			ProcessInitializeOnLoadAttributes (157ms)
			ProcessInitializeOnLoadMethodAttributes (33ms)
			AfterProcessingInitializeOnLoad (3ms)
			EditorAssembliesLoaded (0ms)
		ExecutionOrderSort2 (0ms)
		AwakeInstancesAfterBackupRestoration (7ms)
Launched and connected shader compiler UnityShaderCompiler.exe after 0.08 seconds
Refreshing native plugins compatible for Editor in 9.94 ms, found 0 plugins.
Preloading 0 native plugins for Editor in 0.00 ms.
Unloading 1205 Unused Serialized files (Serialized files now loaded: 0)
Unloading 49 unused Assets / (66.8 KB). Loaded Objects now: 1648.
Memory consumption went from 119.6 MB to 119.5 MB.
Total: 4.465000 ms (FindLiveObjects: 0.249400 ms CreateObjectMapping: 0.053600 ms MarkObjects: 3.905300 ms  DeleteObjects: 0.255000 ms)

AssetImportParameters requested are different than current active one (requested -> active):
  custom:video-encoder-webm-vp8: eb34c28f22e8b96e1ab97ce403110664 -> 
  custom:video-decoder-webm-vp8: 9c59270c3fd7afecdb556c50c9e8de78 -> 
  custom:audio-decoder-ogg-vorbis: bf7c407c2cedff20999df2af8eb42d56 -> 
  custom:SearchIndexIgnoredProperties: e643bd26f0fe6173181afceb89e7c659 -> 
  custom:container-demuxer-ogg: 62fdf1f143b41e24485cea50d1cbac27 -> 
  custom:AudioImporter_EditorPlatform: d09bf68614088b80899f8185d706f6e7 -> 
  custom:CustomObjectIndexerAttribute: 9a22284fe3817be447336de3de66b15e -> 
  custom:container-demuxer-webm: 4f35f7cbe854078d1ac9338744f61a02 -> 
  custom:video-codec-MediaFoundation-h265: 746d11721c4dcdbdad8f713fa42b33f4 -> 
  custom:video-decoder-ogg-theora: a1e56fd34408186e4bbccfd4996cb3dc -> 
  custom:audio-encoder-webm-vorbis: bf7c407c2cedff20999df2af8eb42d56 -> 
  custom:framework-win-MediaFoundation: 216162199b28c13a410421893ffa2e32 -> 
  custom:container-muxer-webm: aa71ff27fc2769a1b78a27578f13a17b -> 
========================================================================
Received Import Request.
  Time since last request: 733074.769785 seconds.
  path: Assets/Scripts/UI/Lists/TeamListObject.cs
  artifactKey: Guid(8fa9b8d47449a124bb058434fedc8461) Importer(2089858483,0ecaa5967403d082aa24f35e1b516d23)
Start importing Assets/Scripts/UI/Lists/TeamListObject.cs using Guid(8fa9b8d47449a124bb058434fedc8461) Importer(2089858483,0ecaa5967403d082aa24f35e1b516d23)  -> (artifact id: '6656f5367e27a94ce706258ae0cd1ec4') in 0.181751 seconds
Number of updated asset objects reloaded before import = 0
Number of asset objects unloaded after import = 1
========================================================================
Received Import Request.
  Time since last request: 0.000039 seconds.
  path: Assets/Plugins/NeroxisMapGenerator/IKVM.Reflection.dll
  artifactKey: Guid(d3e2208f594362440a1faf6a4f47c7cb) Importer(2089858483,0ecaa5967403d082aa24f35e1b516d23)
Start importing Assets/Plugins/NeroxisMapGenerator/IKVM.Reflection.dll using Guid(d3e2208f594362440a1faf6a4f47c7cb) Importer(2089858483,0ecaa5967403d082aa24f35e1b516d23)  -> (artifact id: 'f4cb13f7d4cf8d3895fa55118a442de8') in 0.023921 seconds
Number of updated asset objects reloaded before import = 0
Number of asset objects unloaded after import = 1
========================================================================
Received Import Request.
  Time since last request: 0.000038 seconds.
  path: Assets/Editor/BuildWithResources.cs
  artifactKey: Guid(57cac0a2ccde0f64fb6fb6e60bdf616c) Importer(2089858483,0ecaa5967403d082aa24f35e1b516d23)
Start importing Assets/Editor/BuildWithResources.cs using Guid(57cac0a2ccde0f64fb6fb6e60bdf616c) Importer(2089858483,0ecaa5967403d082aa24f35e1b516d23)  -> (artifact id: 'ff1b2d89106126ded872b4ad606bacf0') in 0.010273 seconds
Number of updated asset objects reloaded before import = 0
Number of asset objects unloaded after import = 1
========================================================================
Received Import Request.
  Time since last request: 0.000098 seconds.
  path: Assets/GFX/Shaders/WaveShader.shader
  artifactKey: Guid(c7ba0d5178152f44f8655319ce96939f) Importer(2089858483,0ecaa5967403d082aa24f35e1b516d23)
Start importing Assets/GFX/Shaders/WaveShader.shader using Guid(c7ba0d5178152f44f8655319ce96939f) Importer(2089858483,0ecaa5967403d082aa24f35e1b516d23)  -> (artifact id: 'f48d995372dabb0ecaa8fab7076bae0a') in 0.018181 seconds
Number of updated asset objects reloaded before import = 0
Number of asset objects unloaded after import = 1
========================================================================
Received Import Request.
  Time since last request: 0.056874 seconds.
  path: Assets/Scripts/Undo/HistoryObjects/HistoryDecalsValues.cs
  artifactKey: Guid(12cc619520a334a43a02929b5612f318) Importer(2089858483,0ecaa5967403d082aa24f35e1b516d23)
Start importing Assets/Scripts/Undo/HistoryObjects/HistoryDecalsValues.cs using Guid(12cc619520a334a43a02929b5612f318) Importer(2089858483,0ecaa5967403d082aa24f35e1b516d23)  -> (artifact id: '18727710793ce39ddf629acc51048985') in 0.011257 seconds
Number of updated asset objects reloaded before import = 0
Number of asset objects unloaded after import = 1
========================================================================
Received Import Request.
  Time since last request: 0.000017 seconds.
  path: Assets/Scripts/UI/Tools/Decals/DecalsInfo.cs
  artifactKey: Guid(e5d7645ceac80064983822fb20792c41) Importer(2089858483,0ecaa5967403d082aa24f35e1b516d23)
Start importing Assets/Scripts/UI/Tools/Decals/DecalsInfo.cs using Guid(e5d7645ceac80064983822fb20792c41) Importer(2089858483,0ecaa5967403d082aa24f35e1b516d23)  -> (artifact id: '512cc065b212e4175cb32393ee05ede9') in 0.010500 seconds
Number of updated asset objects reloaded before import = 0
Number of asset objects unloaded after import = 1
========================================================================
Received Import Request.
  Time since last request: 0.000044 seconds.
  path: Assets/Scripts/UI/Tools/Markers/MarkerSelectionOptions.cs
  artifactKey: Guid(d7bd2894c424b8a4f8950fb22aa37efb) Importer(2089858483,0ecaa5967403d082aa24f35e1b516d23)
Start importing Assets/Scripts/UI/Tools/Markers/MarkerSelectionOptions.cs using Guid(d7bd2894c424b8a4f8950fb22aa37efb) Importer(2089858483,0ecaa5967403d082aa24f35e1b516d23)  -> (artifact id: 'fc87e5b307abde21dee3254f51967739') in 0.008355 seconds
Number of updated asset objects reloaded before import = 0
Number of asset objects unloaded after import = 1
========================================================================
Received Import Request.
  Time since last request: 0.000184 seconds.
  path: Assets/GFX/EditorObjects/Materials/MarkerColor/Yelow.mat
  artifactKey: Guid(4cc2be31df1a46d4e96381de61b89e22) Importer(2089858483,0ecaa5967403d082aa24f35e1b516d23)
Start importing Assets/GFX/EditorObjects/Materials/MarkerColor/Yelow.mat using Guid(4cc2be31df1a46d4e96381de61b89e22) Importer(2089858483,0ecaa5967403d082aa24f35e1b516d23)  -> (artifact id: '44f38acf2354c62cb3f2b2005a6d5807') in 0.016803 seconds
Number of updated asset objects reloaded before import = 0
Number of asset objects unloaded after import = 1
========================================================================
Received Import Request.
  Time since last request: 0.000054 seconds.
  path: Assets/GFX/EditorObjects/Materials/Controler/ControlerBlue.mat
  artifactKey: Guid(eae8c4d28819b2c4898cfa841bf48eca) Importer(2089858483,0ecaa5967403d082aa24f35e1b516d23)
Start importing Assets/GFX/EditorObjects/Materials/Controler/ControlerBlue.mat using Guid(eae8c4d28819b2c4898cfa841bf48eca) Importer(2089858483,0ecaa5967403d082aa24f35e1b516d23)  -> (artifact id: '8d708e3262a19d76cbdb21c46eb4ef3e') in 0.010208 seconds
Number of updated asset objects reloaded before import = 0
Number of asset objects unloaded after import = 1
========================================================================
Received Import Request.
  Time since last request: 0.000089 seconds.
  path: Assets/Scripts/Undo/HistoryObjects/HistoryTerrainHeight.cs
  artifactKey: Guid(b59087ccd076fa94d8dbbd75a598dfc7) Importer(2089858483,0ecaa5967403d082aa24f35e1b516d23)
Start importing Assets/Scripts/Undo/HistoryObjects/HistoryTerrainHeight.cs using Guid(b59087ccd076fa94d8dbbd75a598dfc7) Importer(2089858483,0ecaa5967403d082aa24f35e1b516d23)  -> (artifact id: '2249f7037f54b81216423015c063b395') in 0.009155 seconds
Number of updated asset objects reloaded before import = 0
Number of asset objects unloaded after import = 1
========================================================================
Received Import Request.
  Time since last request: 0.000063 seconds.
  path: Assets/GFX/EditorObjects/Materials/MarkerColor/Violet.mat
  artifactKey: Guid(c73b3aff4b8efb941bec136ed2e330a5) Importer(2089858483,0ecaa5967403d082aa24f35e1b516d23)
Start importing Assets/GFX/EditorObjects/Materials/MarkerColor/Violet.mat using Guid(c73b3aff4b8efb941bec136ed2e330a5) Importer(2089858483,0ecaa5967403d082aa24f35e1b516d23)  -> (artifact id: '4c12c4955fd54473075dccffd6a6693d') in 0.007819 seconds
Number of updated asset objects reloaded before import = 0
Number of asset objects unloaded after import = 1
========================================================================
Received Import Request.
  Time since last request: 0.000049 seconds.
  path: Assets/Scripts/UI/Tools/TerrainTypes/TerrainTypeLayerSettings.cs
  artifactKey: Guid(6624094198fb46d0b8778329912213f3) Importer(2089858483,0ecaa5967403d082aa24f35e1b516d23)
Start importing Assets/Scripts/UI/Tools/TerrainTypes/TerrainTypeLayerSettings.cs using Guid(6624094198fb46d0b8778329912213f3) Importer(2089858483,0ecaa5967403d082aa24f35e1b516d23)  -> (artifact id: 'a4044ab2cf497c08c90e64ee3b888c70') in 0.009195 seconds
Number of updated asset objects reloaded before import = 0
Number of asset objects unloaded after import = 1
========================================================================
Received Import Request.
  Time since last request: 0.000041 seconds.
  path: Assets/Prefabs/UI/TerrainTypes/Window/TerrainTypes.prefab
  artifactKey: Guid(8f59461117e2a3549b4d00ab148737cd) Importer(2089858483,0ecaa5967403d082aa24f35e1b516d23)
Start importing Assets/Prefabs/UI/TerrainTypes/Window/TerrainTypes.prefab using Guid(8f59461117e2a3549b4d00ab148737cd) Importer(2089858483,0ecaa5967403d082aa24f35e1b516d23)  -> (artifact id: 'dea69c49735f2e9f1a0f72df37aa5934') in 0.082036 seconds
Number of updated asset objects reloaded before import = 0
Number of asset objects unloaded after import = 372
========================================================================
Received Import Request.
  Time since last request: 0.328674 seconds.
  path: Assets/Scripts/UI/Tools/Units/UnitInstance.cs
  artifactKey: Guid(905d29a04ad6dee4f988a2b38e471fc7) Importer(2089858483,0ecaa5967403d082aa24f35e1b516d23)
Start importing Assets/Scripts/UI/Tools/Units/UnitInstance.cs using Guid(905d29a04ad6dee4f988a2b38e471fc7) Importer(2089858483,0ecaa5967403d082aa24f35e1b516d23)  -> (artifact id: '1c2843dc4cef3e3fdacd3ffb2dab9db3') in 0.011132 seconds
Number of updated asset objects reloaded before import = 0
Number of asset objects unloaded after import = 1
========================================================================
Received Import Request.
  Time since last request: 0.000097 seconds.
  path: Assets/Standard Assets/Effects/ImageEffects/Shaders/ColorCorrectionCurves.shader
  artifactKey: Guid(62bcade1028c24ca1a39760ed84b9487) Importer(2089858483,0ecaa5967403d082aa24f35e1b516d23)
Start importing Assets/Standard Assets/Effects/ImageEffects/Shaders/ColorCorrectionCurves.shader using Guid(62bcade1028c24ca1a39760ed84b9487) Importer(2089858483,0ecaa5967403d082aa24f35e1b516d23)  -> (artifact id: 'c023a5195702c391757e82fdd5e90d1b') in 0.010730 seconds
Number of updated asset objects reloaded before import = 0
Number of asset objects unloaded after import = 1
========================================================================
Received Import Request.
  Time since last request: 0.000087 seconds.
  path: Assets/Standard Assets/Effects/ImageEffects/Shaders/_Antialiasing/FXAAPreset3.shader
  artifactKey: Guid(c182fa94a5a0a4c02870641efcd38cd5) Importer(2089858483,0ecaa5967403d082aa24f35e1b516d23)
Start importing Assets/Standard Assets/Effects/ImageEffects/Shaders/_Antialiasing/FXAAPreset3.shader using Guid(c182fa94a5a0a4c02870641efcd38cd5) Importer(2089858483,0ecaa5967403d082aa24f35e1b516d23)  -> (artifact id: '7d06ee72e4aaab14b8f9142b2074c6d2') in 0.010283 seconds
Number of updated asset objects reloaded before import = 0
Number of asset objects unloaded after import = 1
========================================================================
Received Import Request.
  Time since last request: 0.000085 seconds.
  path: Assets/Standard Assets/Effects/ImageEffects/Shaders/SimpleClear.shader
  artifactKey: Guid(f688f89ed5eb847c5b19c934a0f1e772) Importer(2089858483,0ecaa5967403d082aa24f35e1b516d23)
Start importing Assets/Standard Assets/Effects/ImageEffects/Shaders/SimpleClear.shader using Guid(f688f89ed5eb847c5b19c934a0f1e772) Importer(2089858483,0ecaa5967403d082aa24f35e1b516d23)  -> (artifact id: '6ff55cefb296187cc8fd0209ec900e59') in 0.007679 seconds
Number of updated asset objects reloaded before import = 0
Number of asset objects unloaded after import = 1
========================================================================
Received Import Request.
  Time since last request: 0.000055 seconds.
  path: Assets/Standard Assets/Effects/ImageEffects/Scripts/ColorCorrectionLookup.cs
  artifactKey: Guid(8cde8c0fd649d9b46bb403ba5e157391) Importer(2089858483,0ecaa5967403d082aa24f35e1b516d23)
Start importing Assets/Standard Assets/Effects/ImageEffects/Scripts/ColorCorrectionLookup.cs using Guid(8cde8c0fd649d9b46bb403ba5e157391) Importer(2089858483,0ecaa5967403d082aa24f35e1b516d23)  -> (artifact id: '2f9a3487ed022dc81357be3b549a13f1') in 0.009437 seconds
Number of updated asset objects reloaded before import = 0
Number of asset objects unloaded after import = 1
========================================================================
Received Import Request.
  Time since last request: 0.000098 seconds.
  path: Assets/Standard Assets/Effects/ImageEffects/Scripts/ScreenSpaceAmbientOcclusion.cs
  artifactKey: Guid(b0923359e9e352a4b9b11c7b7161ad67) Importer(2089858483,0ecaa5967403d082aa24f35e1b516d23)
Start importing Assets/Standard Assets/Effects/ImageEffects/Scripts/ScreenSpaceAmbientOcclusion.cs using Guid(b0923359e9e352a4b9b11c7b7161ad67) Importer(2089858483,0ecaa5967403d082aa24f35e1b516d23)  -> (artifact id: 'f9538320e7342bba7196e307449245e6') in 0.010113 seconds
Number of updated asset objects reloaded before import = 0
Number of asset objects unloaded after import = 1
========================================================================
Received Import Request.
  Time since last request: 0.000103 seconds.
  path: Assets/Standard Assets/Effects/ImageEffects/Shaders/_BloomAndFlares/VignetteShader.shader
  artifactKey: Guid(562f620336e024ac99992ff05725a89a) Importer(2089858483,0ecaa5967403d082aa24f35e1b516d23)
Start importing Assets/Standard Assets/Effects/ImageEffects/Shaders/_BloomAndFlares/VignetteShader.shader using Guid(562f620336e024ac99992ff05725a89a) Importer(2089858483,0ecaa5967403d082aa24f35e1b516d23)  -> (artifact id: '673902cae58fbff5dd44d2a92243e78d') in 0.010526 seconds
Number of updated asset objects reloaded before import = 0
Number of asset objects unloaded after import = 1
========================================================================
Received Import Request.
  Time since last request: 0.000099 seconds.
  path: Assets/Standard Assets/Effects/ImageEffects/Shaders/_BloomAndFlares/MultiPassHollywoodFlares.shader
  artifactKey: Guid(e2baf3cae8edc4daf94c9adc2154be00) Importer(2089858483,0ecaa5967403d082aa24f35e1b516d23)
Start importing Assets/Standard Assets/Effects/ImageEffects/Shaders/_BloomAndFlares/MultiPassHollywoodFlares.shader using Guid(e2baf3cae8edc4daf94c9adc2154be00) Importer(2089858483,0ecaa5967403d082aa24f35e1b516d23)  -> (artifact id: '16ddaa7aa50839bf3b02def9ea37e2dc') in 0.009081 seconds
Number of updated asset objects reloaded before import = 0
Number of asset objects unloaded after import = 1
========================================================================
Received Import Request.
  Time since last request: 0.000018 seconds.
  path: Assets/Standard Assets/Effects/ImageEffects/Scripts/Quads.cs
  artifactKey: Guid(a20852ce049f64e4695a48b6a354be83) Importer(2089858483,0ecaa5967403d082aa24f35e1b516d23)
Start importing Assets/Standard Assets/Effects/ImageEffects/Scripts/Quads.cs using Guid(a20852ce049f64e4695a48b6a354be83) Importer(2089858483,0ecaa5967403d082aa24f35e1b516d23)  -> (artifact id: 'd5de5712288a70f16b7f74272037d8a1') in 0.009211 seconds
Number of updated asset objects reloaded before import = 0
Number of asset objects unloaded after import = 1
========================================================================
Received Import Request.
  Time since last request: 0.000040 seconds.
  path: Assets/Standard Assets/Effects/ImageEffects/Scripts/ContrastEnhance.cs
  artifactKey: Guid(3309686a9fbbe6e42a182d5e0257704c) Importer(2089858483,0ecaa5967403d082aa24f35e1b516d23)
Start importing Assets/Standard Assets/Effects/ImageEffects/Scripts/ContrastEnhance.cs using Guid(3309686a9fbbe6e42a182d5e0257704c) Importer(2089858483,0ecaa5967403d082aa24f35e1b516d23)  -> (artifact id: '0918a46c180ff3a027ccce15c7e67c90') in 0.010716 seconds
Number of updated asset objects reloaded before import = 0
Number of asset objects unloaded after import = 1
========================================================================
Received Import Request.
  Time since last request: 0.000045 seconds.
  path: Assets/Standard Assets/Effects/ImageEffects/Scripts/Grayscale.cs
  artifactKey: Guid(243a781cad112c75d0008dfa8d76c639) Importer(2089858483,0ecaa5967403d082aa24f35e1b516d23)
Start importing Assets/Standard Assets/Effects/ImageEffects/Scripts/Grayscale.cs using Guid(243a781cad112c75d0008dfa8d76c639) Importer(2089858483,0ecaa5967403d082aa24f35e1b516d23)  -> (artifact id: '9fe11434fd09ceca1a38563424afe329') in 0.009858 seconds
Number of updated asset objects reloaded before import = 0
Number of asset objects unloaded after import = 1
========================================================================
Received Import Request.
  Time since last request: 0.000017 seconds.
  path: Assets/Standard Assets/Effects/ImageEffects/Scripts/BloomAndFlares.cs
  artifactKey: Guid(02536f33053638549ab5c50ff3ecc0de) Importer(2089858483,0ecaa5967403d082aa24f35e1b516d23)
Start importing Assets/Standard Assets/Effects/ImageEffects/Scripts/BloomAndFlares.cs using Guid(02536f33053638549ab5c50ff3ecc0de) Importer(2089858483,0ecaa5967403d082aa24f35e1b516d23)  -> (artifact id: 'cd65159ca12705b065123065a70c3085') in 0.009012 seconds
Number of updated asset objects reloaded before import = 0
Number of asset objects unloaded after import = 1
========================================================================
Received Import Request.
  Time since last request: 0.000102 seconds.
  path: Assets/Standard Assets/Effects/ImageEffects/Shaders/ScreenSpaceRaytrace.cginc
  artifactKey: Guid(26c67b7245085cf438e3d42d50d94f55) Importer(2089858483,0ecaa5967403d082aa24f35e1b516d23)
Start importing Assets/Standard Assets/Effects/ImageEffects/Shaders/ScreenSpaceRaytrace.cginc using Guid(26c67b7245085cf438e3d42d50d94f55) Importer(2089858483,0ecaa5967403d082aa24f35e1b516d23)  -> (artifact id: '0f96cc6e5d0e550097235797d9a5ddcd') in 0.007715 seconds
Number of updated asset objects reloaded before import = 0
Number of asset objects unloaded after import = 1
========================================================================
Received Import Request.
  Time since last request: 0.000103 seconds.
  path: Assets/Standard Assets/Effects/ImageEffects/Scripts/NoiseAndGrain.cs
  artifactKey: Guid(9191284b058eef549b7108b5f04e1117) Importer(2089858483,0ecaa5967403d082aa24f35e1b516d23)
Start importing Assets/Standard Assets/Effects/ImageEffects/Scripts/NoiseAndGrain.cs using Guid(9191284b058eef549b7108b5f04e1117) Importer(2089858483,0ecaa5967403d082aa24f35e1b516d23)  -> (artifact id: 'a404767ab6a09489cf0cb739b066a4e2') in 0.008566 seconds
Number of updated asset objects reloaded before import = 0
Number of asset objects unloaded after import = 1
========================================================================
Received Import Request.
  Time since last request: 0.000069 seconds.
  path: Assets/Standard Assets/Effects/ImageEffects/Scripts/DepthOfFieldDeprecated.cs
  artifactKey: Guid(83d8db0ec466c14429f58c68c16398a1) Importer(2089858483,0ecaa5967403d082aa24f35e1b516d23)
Start importing Assets/Standard Assets/Effects/ImageEffects/Scripts/DepthOfFieldDeprecated.cs using Guid(83d8db0ec466c14429f58c68c16398a1) Importer(2089858483,0ecaa5967403d082aa24f35e1b516d23)  -> (artifact id: 'c454b357331a4afd31e17ec009656389') in 0.009054 seconds
Number of updated asset objects reloaded before import = 0
Number of asset objects unloaded after import = 1
========================================================================
Received Import Request.
  Time since last request: 0.000015 seconds.
  path: Assets/Standard Assets/Effects/ImageEffects/Shaders/NoiseEffectShaderRGB.shader
  artifactKey: Guid(5d7f4c401ae8946bcb0d6ff68a9e7466) Importer(2089858483,0ecaa5967403d082aa24f35e1b516d23)
Start importing Assets/Standard Assets/Effects/ImageEffects/Shaders/NoiseEffectShaderRGB.shader using Guid(5d7f4c401ae8946bcb0d6ff68a9e7466) Importer(2089858483,0ecaa5967403d082aa24f35e1b516d23)  -> (artifact id: '6bfaa54f5c5e2df14fbccd3f7490632a') in 0.009239 seconds
Number of updated asset objects reloaded before import = 0
Number of asset objects unloaded after import = 1
========================================================================
Received Import Request.
  Time since last request: 0.000016 seconds.
  path: Assets/Standard Assets/Effects/ImageEffects/Shaders/_Antialiasing/FXAAPreset2.shader
  artifactKey: Guid(6f1418cffd12146f2a83be795f6fa5a7) Importer(2089858483,0ecaa5967403d082aa24f35e1b516d23)
Start importing Assets/Standard Assets/Effects/ImageEffects/Shaders/_Antialiasing/FXAAPreset2.shader using Guid(6f1418cffd12146f2a83be795f6fa5a7) Importer(2089858483,0ecaa5967403d082aa24f35e1b516d23)  -> (artifact id: '35eded79888250c75100c70ec485f3a4') in 0.008877 seconds
Number of updated asset objects reloaded before import = 0
Number of asset objects unloaded after import = 1
========================================================================
Received Import Request.
  Time since last request: 0.000052 seconds.
  path: Assets/Standard Assets/Effects/ImageEffects/Shaders/BlendModesOverlay.shader
  artifactKey: Guid(8c81db0e527d24acc9bcec04e87781bd) Importer(2089858483,0ecaa5967403d082aa24f35e1b516d23)
Start importing Assets/Standard Assets/Effects/ImageEffects/Shaders/BlendModesOverlay.shader using Guid(8c81db0e527d24acc9bcec04e87781bd) Importer(2089858483,0ecaa5967403d082aa24f35e1b516d23)  -> (artifact id: '1abff3edc4bf1777f7a12aca1867515c') in 0.009844 seconds
Number of updated asset objects reloaded before import = 0
Number of asset objects unloaded after import = 1
========================================================================
Received Import Request.
  Time since last request: 24.239412 seconds.
  path: Assets/GFX/PostProcess.asset
  artifactKey: Guid(d407b6acfc327d34daa5764388b8cc33) Importer(815301076,1909f56bfc062723c751e8b465ee728b)
Start importing Assets/GFX/PostProcess.asset using Guid(d407b6acfc327d34daa5764388b8cc33) Importer(815301076,1909f56bfc062723c751e8b465ee728b)  -> (artifact id: '38cd84ffd367cb70ddc41e28a18a7444') in 0.003040 seconds
Number of updated asset objects reloaded before import = 0
Number of asset objects unloaded after import = 1
========================================================================
Received Import Request.
  Time since last request: 95.032673 seconds.
  path: Assets/Scripts/Common
  artifactKey: Guid(2d58aa927471a8e4b9980530aa5c1554) Importer(815301076,1909f56bfc062723c751e8b465ee728b)
Start importing Assets/Scripts/Common using Guid(2d58aa927471a8e4b9980530aa5c1554) Importer(815301076,1909f56bfc062723c751e8b465ee728b)  -> (artifact id: '4e9860ee98052a605c2633aa7cf1e6d4') in 0.000450 seconds
Number of updated asset objects reloaded before import = 0
Number of asset objects unloaded after import = 0
========================================================================
Received Import Request.
  Time since last request: 2.775920 seconds.
  path: Assets/Scripts/Common/EditorVersion.cs
  artifactKey: Guid(77dae3e9d1d43134494f50e13c246809) Importer(815301076,1909f56bfc062723c751e8b465ee728b)
Start importing Assets/Scripts/Common/EditorVersion.cs using Guid(77dae3e9d1d43134494f50e13c246809) Importer(815301076,1909f56bfc062723c751e8b465ee728b)  -> (artifact id: 'bc1771e4b5a7d2d4bc33dd576da9ae28') in 0.000442 seconds
Number of updated asset objects reloaded before import = 0
Number of asset objects unloaded after import = 0
