Using pre-set license
Built from '2022.3/staging' branch; Version is '2022.3.26f1 (ec6cd8118806) revision 15494360'; Using compiler version '192829333'; Build Type 'Release'
OS: 'Windows 11  (10.0.22631) 64bit Professional' Language: 'en' Physical Memory: 65464 MB
BatchMode: 1, IsHumanControllingUs: 0, StartBugReporterOnCrash: 0, Is64bit: 1, IsPro: 1

COMMAND LINE ARGUMENTS:
E:\UnityEditor\2022.3.26f1\Editor\Unity.exe
-adb2
-batchMode
-noUpm
-name
AssetImportWorker6
-projectPath
C:/Users/rowjo/Downloads/FAForeverMapEditorcurrent
-logFile
Logs/AssetImportWorker6.log
-srvPort
65477
Successfully changed project path to: C:/Users/rowjo/Downloads/FAForeverMapEditorcurrent
C:/Users/rowjo/Downloads/FAForeverMapEditorcurrent
[UnityMemory] Configuration Parameters - Can be set up in boot.config
    "memorysetup-bucket-allocator-granularity=16"
    "memorysetup-bucket-allocator-bucket-count=8"
    "memorysetup-bucket-allocator-block-size=33554432"
    "memorysetup-bucket-allocator-block-count=8"
    "memorysetup-main-allocator-block-size=16777216"
    "memorysetup-thread-allocator-block-size=16777216"
    "memorysetup-gfx-main-allocator-block-size=16777216"
    "memorysetup-gfx-thread-allocator-block-size=16777216"
    "memorysetup-cache-allocator-block-size=4194304"
    "memorysetup-typetree-allocator-block-size=2097152"
    "memorysetup-profiler-bucket-allocator-granularity=16"
    "memorysetup-profiler-bucket-allocator-bucket-count=8"
    "memorysetup-profiler-bucket-allocator-block-size=33554432"
    "memorysetup-profiler-bucket-allocator-block-count=8"
    "memorysetup-profiler-allocator-block-size=16777216"
    "memorysetup-profiler-editor-allocator-block-size=1048576"
    "memorysetup-temp-allocator-size-main=16777216"
    "memorysetup-job-temp-allocator-block-size=2097152"
    "memorysetup-job-temp-allocator-block-size-background=1048576"
    "memorysetup-job-temp-allocator-reduction-small-platforms=262144"
    "memorysetup-allocator-temp-initial-block-size-main=262144"
    "memorysetup-allocator-temp-initial-block-size-worker=262144"
    "memorysetup-temp-allocator-size-background-worker=32768"
    "memorysetup-temp-allocator-size-job-worker=262144"
    "memorysetup-temp-allocator-size-preload-manager=33554432"
    "memorysetup-temp-allocator-size-nav-mesh-worker=65536"
    "memorysetup-temp-allocator-size-audio-worker=65536"
    "memorysetup-temp-allocator-size-cloud-worker=32768"
    "memorysetup-temp-allocator-size-gi-baking-worker=262144"
    "memorysetup-temp-allocator-size-gfx=262144"
Player connection [23916] Host "[IP] 10.0.0.85 [Port] 0 [Flags] 2 [Guid] 2187468056 [EditorId] 2187468056 [Version] 1048832 [Id] WindowsEditor(7,Josh-PC) [Debug] 1 [PackageName] WindowsEditor [ProjectName] Editor" joined multi-casting on [225.0.0.222:54997]...

Player connection [23916] Host "[IP] 10.0.0.85 [Port] 0 [Flags] 2 [Guid] 2187468056 [EditorId] 2187468056 [Version] 1048832 [Id] WindowsEditor(7,Josh-PC) [Debug] 1 [PackageName] WindowsEditor [ProjectName] Editor" joined alternative multi-casting on [225.0.0.222:34997]...

[Physics::Module] Initialized MultithreadedJobDispatcher with 31 workers.
Refreshing native plugins compatible for Editor in 31.87 ms, found 0 plugins.
Preloading 0 native plugins for Editor in 0.00 ms.
Initialize engine version: 2022.3.26f1 (ec6cd8118806)
[Subsystems] Discovering subsystems at path E:/UnityEditor/2022.3.26f1/Editor/Data/Resources/UnitySubsystems
[Subsystems] Discovering subsystems at path C:/Users/rowjo/Downloads/FAForeverMapEditorcurrent/Assets
GfxDevice: creating device client; threaded=0; jobified=0
Direct3D:
    Version:  Direct3D 11.0 [level 11.1]
    Renderer: NVIDIA GeForce RTX 3070 (ID=0x2488)
    Vendor:   NVIDIA
    VRAM:     8018 MB
    Driver:   31.0.15.5212
Initialize mono
Mono path[0] = 'E:/UnityEditor/2022.3.26f1/Editor/Data/Managed'
Mono path[1] = 'E:/UnityEditor/2022.3.26f1/Editor/Data/MonoBleedingEdge/lib/mono/unityjit-win32'
Mono config path = 'E:/UnityEditor/2022.3.26f1/Editor/Data/MonoBleedingEdge/etc'
Using monoOptions --debugger-agent=transport=dt_socket,embedding=1,server=y,suspend=n,address=127.0.0.1:56036
Begin MonoManager ReloadAssembly
Registering precompiled unity dll's ...
Register platform support module: E:/UnityEditor/2022.3.26f1/Editor/Data/PlaybackEngines/WebGLSupport/UnityEditor.WebGL.Extensions.dll
Register platform support module: E:/UnityEditor/2022.3.26f1/Editor/Data/PlaybackEngines/MacStandaloneSupport/UnityEditor.OSXStandalone.Extensions.dll
Register platform support module: E:/UnityEditor/2022.3.26f1/Editor/Data/PlaybackEngines/WindowsStandaloneSupport/UnityEditor.WindowsStandalone.Extensions.dll
Register platform support module: E:/UnityEditor/2022.3.26f1/Editor/Data/PlaybackEngines/LinuxStandaloneSupport/UnityEditor.LinuxStandalone.Extensions.dll
Register platform support module: E:/UnityEditor/2022.3.26f1/Editor/Data/PlaybackEngines/MetroSupport/UnityEditor.UWP.Extensions.dll
Registered in 0.010853 seconds.
- Loaded All Assemblies, in  0.872 seconds
Native extension for UWP target not found
Native extension for LinuxStandalone target not found
Native extension for WindowsStandalone target not found
Native extension for OSXStandalone target not found
Native extension for WebGL target not found
Mono: successfully reloaded assembly
- Finished resetting the current domain, in  0.310 seconds
Domain Reload Profiling: 1182ms
	BeginReloadAssembly (411ms)
		ExecutionOrderSort (0ms)
		DisableScriptedObjects (0ms)
		BackupInstance (0ms)
		ReleaseScriptingObjects (0ms)
		CreateAndSetChildDomain (1ms)
	RebuildCommonClasses (62ms)
	RebuildNativeTypeToScriptingClass (16ms)
	initialDomainReloadingComplete (80ms)
	LoadAllAssembliesAndSetupDomain (302ms)
		LoadAssemblies (414ms)
		RebuildTransferFunctionScriptingTraits (0ms)
		AnalyzeDomain (294ms)
			TypeCache.Refresh (292ms)
				TypeCache.ScanAssembly (274ms)
			ScanForSourceGeneratedMonoScriptInfo (1ms)
			ResolveRequiredComponents (1ms)
	FinalizeReload (311ms)
		ReleaseScriptCaches (0ms)
		RebuildScriptCaches (0ms)
		SetupLoadedEditorAssemblies (248ms)
			LogAssemblyErrors (0ms)
			InitializePlatformSupportModulesInManaged (13ms)
			SetLoadedEditorAssemblies (4ms)
			RefreshPlugins (0ms)
			BeforeProcessingInitializeOnLoad (2ms)
			ProcessInitializeOnLoadAttributes (157ms)
			ProcessInitializeOnLoadMethodAttributes (71ms)
			AfterProcessingInitializeOnLoad (0ms)
			EditorAssembliesLoaded (0ms)
		ExecutionOrderSort2 (0ms)
		AwakeInstancesAfterBackupRestoration (0ms)
========================================================================
Worker process is ready to serve import requests
Begin MonoManager ReloadAssembly
- Loaded All Assemblies, in  1.547 seconds
Refreshing native plugins compatible for Editor in 6.11 ms, found 0 plugins.
Native extension for UWP target not found
Native extension for LinuxStandalone target not found
Native extension for WindowsStandalone target not found
Native extension for OSXStandalone target not found
Native extension for WebGL target not found
Mono: successfully reloaded assembly
- Finished resetting the current domain, in  0.365 seconds
Domain Reload Profiling: 1911ms
	BeginReloadAssembly (277ms)
		ExecutionOrderSort (0ms)
		DisableScriptedObjects (7ms)
		BackupInstance (0ms)
		ReleaseScriptingObjects (0ms)
		CreateAndSetChildDomain (24ms)
	RebuildCommonClasses (43ms)
	RebuildNativeTypeToScriptingClass (10ms)
	initialDomainReloadingComplete (28ms)
	LoadAllAssembliesAndSetupDomain (1189ms)
		LoadAssemblies (763ms)
		RebuildTransferFunctionScriptingTraits (0ms)
		AnalyzeDomain (634ms)
			TypeCache.Refresh (612ms)
				TypeCache.ScanAssembly (575ms)
			ScanForSourceGeneratedMonoScriptInfo (11ms)
			ResolveRequiredComponents (9ms)
	FinalizeReload (365ms)
		ReleaseScriptCaches (0ms)
		RebuildScriptCaches (0ms)
		SetupLoadedEditorAssemblies (212ms)
			LogAssemblyErrors (0ms)
			InitializePlatformSupportModulesInManaged (10ms)
			SetLoadedEditorAssemblies (3ms)
			RefreshPlugins (0ms)
			BeforeProcessingInitializeOnLoad (36ms)
			ProcessInitializeOnLoadAttributes (136ms)
			ProcessInitializeOnLoadMethodAttributes (25ms)
			AfterProcessingInitializeOnLoad (2ms)
			EditorAssembliesLoaded (0ms)
		ExecutionOrderSort2 (0ms)
		AwakeInstancesAfterBackupRestoration (7ms)
Launched and connected shader compiler UnityShaderCompiler.exe after 0.05 seconds
Refreshing native plugins compatible for Editor in 13.78 ms, found 0 plugins.
Preloading 0 native plugins for Editor in 0.00 ms.
Unloading 1205 Unused Serialized files (Serialized files now loaded: 0)
Unloading 49 unused Assets / (65.7 KB). Loaded Objects now: 1648.
Memory consumption went from 119.7 MB to 119.6 MB.
Total: 7.100200 ms (FindLiveObjects: 0.271500 ms CreateObjectMapping: 0.047200 ms MarkObjects: 6.461600 ms  DeleteObjects: 0.315700 ms)

AssetImportParameters requested are different than current active one (requested -> active):
  custom:video-encoder-webm-vp8: eb34c28f22e8b96e1ab97ce403110664 -> 
  custom:video-decoder-webm-vp8: 9c59270c3fd7afecdb556c50c9e8de78 -> 
  custom:audio-decoder-ogg-vorbis: bf7c407c2cedff20999df2af8eb42d56 -> 
  custom:SearchIndexIgnoredProperties: e643bd26f0fe6173181afceb89e7c659 -> 
  custom:container-demuxer-ogg: 62fdf1f143b41e24485cea50d1cbac27 -> 
  custom:AudioImporter_EditorPlatform: d09bf68614088b80899f8185d706f6e7 -> 
  custom:CustomObjectIndexerAttribute: 9a22284fe3817be447336de3de66b15e -> 
  custom:container-demuxer-webm: 4f35f7cbe854078d1ac9338744f61a02 -> 
  custom:video-codec-MediaFoundation-h265: 746d11721c4dcdbdad8f713fa42b33f4 -> 
  custom:video-decoder-ogg-theora: a1e56fd34408186e4bbccfd4996cb3dc -> 
  custom:audio-encoder-webm-vorbis: bf7c407c2cedff20999df2af8eb42d56 -> 
  custom:framework-win-MediaFoundation: 216162199b28c13a410421893ffa2e32 -> 
  custom:container-muxer-webm: aa71ff27fc2769a1b78a27578f13a17b -> 
========================================================================
Received Import Request.
  Time since last request: 733074.625256 seconds.
  path: Assets/Scripts/UI/Lists/SliderLabel.cs
  artifactKey: Guid(aa697f8d35faf7c4ea3f6b82cc810b7c) Importer(2089858483,0ecaa5967403d082aa24f35e1b516d23)
Start importing Assets/Scripts/UI/Lists/SliderLabel.cs using Guid(aa697f8d35faf7c4ea3f6b82cc810b7c) Importer(2089858483,0ecaa5967403d082aa24f35e1b516d23)  -> (artifact id: 'eafac5f10d729162c03692c00ba51831') in 0.157688 seconds
Number of updated asset objects reloaded before import = 0
Number of asset objects unloaded after import = 1
========================================================================
Received Import Request.
  Time since last request: 0.000020 seconds.
  path: Assets/Scripts/Ozone SCMAP Code/Texture/TextureLoader.cs
  artifactKey: Guid(562510febe1ffb046bd7fc870f696881) Importer(2089858483,0ecaa5967403d082aa24f35e1b516d23)
Start importing Assets/Scripts/Ozone SCMAP Code/Texture/TextureLoader.cs using Guid(562510febe1ffb046bd7fc870f696881) Importer(2089858483,0ecaa5967403d082aa24f35e1b516d23)  -> (artifact id: '662c87a2260af1e5d16fe8efbd7e436e') in 0.010605 seconds
Number of updated asset objects reloaded before import = 0
Number of asset objects unloaded after import = 1
========================================================================
Received Import Request.
  Time since last request: 0.000020 seconds.
  path: Assets/Scripts/UI/Tools/ArmyInfo.cs
  artifactKey: Guid(07b411aac87a4c741aca39c96497185f) Importer(2089858483,0ecaa5967403d082aa24f35e1b516d23)
Start importing Assets/Scripts/UI/Tools/ArmyInfo.cs using Guid(07b411aac87a4c741aca39c96497185f) Importer(2089858483,0ecaa5967403d082aa24f35e1b516d23)  -> (artifact id: '668d09cc59a460d78fd9f2831c054343') in 0.012498 seconds
Number of updated asset objects reloaded before import = 0
Number of asset objects unloaded after import = 1
========================================================================
Received Import Request.
  Time since last request: 0.000086 seconds.
  path: Assets/Scripts/UI/Lists/UnitListObject.cs
  artifactKey: Guid(19830cb4f5dfcc64fb167a5704f1064f) Importer(2089858483,0ecaa5967403d082aa24f35e1b516d23)
Start importing Assets/Scripts/UI/Lists/UnitListObject.cs using Guid(19830cb4f5dfcc64fb167a5704f1064f) Importer(2089858483,0ecaa5967403d082aa24f35e1b516d23)  -> (artifact id: '006fbaacfb2ea1b6d881f23ed4a50d13') in 0.012423 seconds
Number of updated asset objects reloaded before import = 0
Number of asset objects unloaded after import = 1
========================================================================
Received Import Request.
  Time since last request: 0.000041 seconds.
  path: Assets/Scripts/UI/Tooltip/Tooltip.cs
  artifactKey: Guid(aa1a2693f2ccf724ead028a0f6f4299e) Importer(2089858483,0ecaa5967403d082aa24f35e1b516d23)
Start importing Assets/Scripts/UI/Tooltip/Tooltip.cs using Guid(aa1a2693f2ccf724ead028a0f6f4299e) Importer(2089858483,0ecaa5967403d082aa24f35e1b516d23)  -> (artifact id: 'd25339d4f4c90196868ee497033122b0') in 0.011947 seconds
Number of updated asset objects reloaded before import = 0
Number of asset objects unloaded after import = 1
========================================================================
Received Import Request.
  Time since last request: 0.000123 seconds.
  path: Assets/Scripts/UI/Tools/Ruler.cs
  artifactKey: Guid(5e58fbddae6eb814b8a92761a623442b) Importer(2089858483,0ecaa5967403d082aa24f35e1b516d23)
Start importing Assets/Scripts/UI/Tools/Ruler.cs using Guid(5e58fbddae6eb814b8a92761a623442b) Importer(2089858483,0ecaa5967403d082aa24f35e1b516d23)  -> (artifact id: 'c98211d44143eb6c8918f5cbe2dde39a') in 0.012375 seconds
Number of updated asset objects reloaded before import = 0
Number of asset objects unloaded after import = 1
========================================================================
Received Import Request.
  Time since last request: 0.000024 seconds.
  path: Assets/Scripts/UI/AppMenu/AppMenu.cs
  artifactKey: Guid(3d93bac7664b652459397a53f9d74c37) Importer(2089858483,0ecaa5967403d082aa24f35e1b516d23)
Start importing Assets/Scripts/UI/AppMenu/AppMenu.cs using Guid(3d93bac7664b652459397a53f9d74c37) Importer(2089858483,0ecaa5967403d082aa24f35e1b516d23)  -> (artifact id: '0061fc7389234ba242b2e5c3a8a9daad') in 0.013109 seconds
Number of updated asset objects reloaded before import = 0
Number of asset objects unloaded after import = 1
========================================================================
Received Import Request.
  Time since last request: 0.000035 seconds.
  path: Assets/Scripts/Undo/HistoryObjects/HistoryChainMarkers.cs
  artifactKey: Guid(8e0bd160cc9fc3041a2a1bbb53e36478) Importer(2089858483,0ecaa5967403d082aa24f35e1b516d23)
Start importing Assets/Scripts/Undo/HistoryObjects/HistoryChainMarkers.cs using Guid(8e0bd160cc9fc3041a2a1bbb53e36478) Importer(2089858483,0ecaa5967403d082aa24f35e1b516d23)  -> (artifact id: '1b299d1eb3671dbc4f4f9125836af647') in 0.013344 seconds
Number of updated asset objects reloaded before import = 0
Number of asset objects unloaded after import = 1
========================================================================
Received Import Request.
  Time since last request: 0.000026 seconds.
  path: Assets/Scripts/UI/Tools/LightingInfo.cs
  artifactKey: Guid(851abbc32e8d5104092abeff431a9bc5) Importer(2089858483,0ecaa5967403d082aa24f35e1b516d23)
Start importing Assets/Scripts/UI/Tools/LightingInfo.cs using Guid(851abbc32e8d5104092abeff431a9bc5) Importer(2089858483,0ecaa5967403d082aa24f35e1b516d23)  -> (artifact id: 'fe1d8f43e121a73f21168a4b562febc7') in 0.013523 seconds
Number of updated asset objects reloaded before import = 0
Number of asset objects unloaded after import = 1
========================================================================
Received Import Request.
  Time since last request: 0.000131 seconds.
  path: Assets/Scripts/UI/Windows/MoveWindow.cs
  artifactKey: Guid(a0c3f9e8a9e0a114ca366f6055bce162) Importer(2089858483,0ecaa5967403d082aa24f35e1b516d23)
Start importing Assets/Scripts/UI/Windows/MoveWindow.cs using Guid(a0c3f9e8a9e0a114ca366f6055bce162) Importer(2089858483,0ecaa5967403d082aa24f35e1b516d23)  -> (artifact id: 'f4320a926856c2a7ac9e4d3fb1650f47') in 0.013709 seconds
Number of updated asset objects reloaded before import = 0
Number of asset objects unloaded after import = 1
========================================================================
Received Import Request.
  Time since last request: 0.000021 seconds.
  path: Assets/Scripts/Undo/HistoryObjects/HistoryDecalsSharedValues.cs
  artifactKey: Guid(70ac1b4ac087b364784b99eca461a3dc) Importer(2089858483,0ecaa5967403d082aa24f35e1b516d23)
Start importing Assets/Scripts/Undo/HistoryObjects/HistoryDecalsSharedValues.cs using Guid(70ac1b4ac087b364784b99eca461a3dc) Importer(2089858483,0ecaa5967403d082aa24f35e1b516d23)  -> (artifact id: '2238ba2a4af12306efc200a27e7b0db5') in 0.014002 seconds
Number of updated asset objects reloaded before import = 0
Number of asset objects unloaded after import = 1
========================================================================
Received Import Request.
  Time since last request: 0.000054 seconds.
  path: Assets/LUA/NLua/LuaRegistrationHelper.cs
  artifactKey: Guid(c69cb86e26f02af46915c84f6a98ff69) Importer(2089858483,0ecaa5967403d082aa24f35e1b516d23)
Start importing Assets/LUA/NLua/LuaRegistrationHelper.cs using Guid(c69cb86e26f02af46915c84f6a98ff69) Importer(2089858483,0ecaa5967403d082aa24f35e1b516d23)  -> (artifact id: '9809a4a371add9977d494e7483aa8354') in 0.010871 seconds
Number of updated asset objects reloaded before import = 0
Number of asset objects unloaded after import = 1
========================================================================
Received Import Request.
  Time since last request: 0.000028 seconds.
  path: Assets/GFX/Fonts/Lato/Lato-Black.ttf
  artifactKey: Guid(85987d9b4c9e6cc4bb4d26017e65276a) Importer(2089858483,0ecaa5967403d082aa24f35e1b516d23)
Start importing Assets/GFX/Fonts/Lato/Lato-Black.ttf using Guid(85987d9b4c9e6cc4bb4d26017e65276a) Importer(2089858483,0ecaa5967403d082aa24f35e1b516d23)  -> (artifact id: '29fdfaf08aba3770437417628035c117') in 0.042943 seconds
Number of updated asset objects reloaded before import = 0
Number of asset objects unloaded after import = 3
========================================================================
Received Import Request.
  Time since last request: 0.000021 seconds.
  path: Assets/Scripts/Selection/SelectionManager.cs
  artifactKey: Guid(79cadc12d15faad4fa1daf1894fb4af0) Importer(2089858483,0ecaa5967403d082aa24f35e1b516d23)
Start importing Assets/Scripts/Selection/SelectionManager.cs using Guid(79cadc12d15faad4fa1daf1894fb4af0) Importer(2089858483,0ecaa5967403d082aa24f35e1b516d23)  -> (artifact id: '81e4314528954ca043b1c1e6cfd76ebc') in 0.009271 seconds
Number of updated asset objects reloaded before import = 0
Number of asset objects unloaded after import = 1
========================================================================
Received Import Request.
  Time since last request: 0.000019 seconds.
  path: Assets/LUA/KopiLua/loadlib.cs
  artifactKey: Guid(3ee6f0c4b93298044925a401521c5a40) Importer(2089858483,0ecaa5967403d082aa24f35e1b516d23)
Start importing Assets/LUA/KopiLua/loadlib.cs using Guid(3ee6f0c4b93298044925a401521c5a40) Importer(2089858483,0ecaa5967403d082aa24f35e1b516d23)  -> (artifact id: 'b180cfeb811c707d717ae8dfafe4bc25') in 0.008539 seconds
Number of updated asset objects reloaded before import = 0
Number of asset objects unloaded after import = 1
========================================================================
Received Import Request.
  Time since last request: 0.062255 seconds.
  path: Assets/Scripts/Undo/HistoryObjects/HistoryMarkersMove.cs
  artifactKey: Guid(fbe200e0bbfe6b34ba65d764acb2524b) Importer(2089858483,0ecaa5967403d082aa24f35e1b516d23)
Start importing Assets/Scripts/Undo/HistoryObjects/HistoryMarkersMove.cs using Guid(fbe200e0bbfe6b34ba65d764acb2524b) Importer(2089858483,0ecaa5967403d082aa24f35e1b516d23)  -> (artifact id: 'af674381a1299fca34aade84079e5064') in 0.010384 seconds
Number of updated asset objects reloaded before import = 0
Number of asset objects unloaded after import = 1
========================================================================
Received Import Request.
  Time since last request: 0.000046 seconds.
  path: Assets/Scripts/GFX/OzoneDecals/Shader/AlbedoDecal.mat
  artifactKey: Guid(ac566534eaa3de049af73f92da86e33b) Importer(2089858483,0ecaa5967403d082aa24f35e1b516d23)
Start importing Assets/Scripts/GFX/OzoneDecals/Shader/AlbedoDecal.mat using Guid(ac566534eaa3de049af73f92da86e33b) Importer(2089858483,0ecaa5967403d082aa24f35e1b516d23)  -> (artifact id: '368c5d7005fa5d9d88ebf13a49fdf6f6') in 0.014896 seconds
Number of updated asset objects reloaded before import = 0
Number of asset objects unloaded after import = 1
========================================================================
Received Import Request.
  Time since last request: 0.000109 seconds.
  path: Assets/Standard Assets/Effects/ImageEffects/Readme.txt
  artifactKey: Guid(cb7c1a8482a67664e95e13c16daf3adf) Importer(2089858483,0ecaa5967403d082aa24f35e1b516d23)
Start importing Assets/Standard Assets/Effects/ImageEffects/Readme.txt using Guid(cb7c1a8482a67664e95e13c16daf3adf) Importer(2089858483,0ecaa5967403d082aa24f35e1b516d23)  -> (artifact id: 'ff2f647b6934ea69cddd6ab478601c1c') in 0.008085 seconds
Number of updated asset objects reloaded before import = 0
Number of asset objects unloaded after import = 1
========================================================================
Received Import Request.
  Time since last request: 0.000061 seconds.
  path: Assets/Scripts/UI/Tools/TerrainTypes/LayersSettings.cs
  artifactKey: Guid(0a9a85aeeb68483aa15f93805e3e27e8) Importer(2089858483,0ecaa5967403d082aa24f35e1b516d23)
Start importing Assets/Scripts/UI/Tools/TerrainTypes/LayersSettings.cs using Guid(0a9a85aeeb68483aa15f93805e3e27e8) Importer(2089858483,0ecaa5967403d082aa24f35e1b516d23)  -> (artifact id: '08828895e8acd1ec4d9ec837573f9b57') in 0.009936 seconds
Number of updated asset objects reloaded before import = 0
Number of asset objects unloaded after import = 1
========================================================================
Received Import Request.
  Time since last request: 0.000074 seconds.
  path: Assets/GFX/EditorObjects/Materials/Controler/ControlerRed.mat
  artifactKey: Guid(dc6df0b747fcdc34a9639ad8456bf3de) Importer(2089858483,0ecaa5967403d082aa24f35e1b516d23)
Start importing Assets/GFX/EditorObjects/Materials/Controler/ControlerRed.mat using Guid(dc6df0b747fcdc34a9639ad8456bf3de) Importer(2089858483,0ecaa5967403d082aa24f35e1b516d23)  -> (artifact id: '3d23cbc03d024cdffa72015fc8520404') in 0.010410 seconds
Number of updated asset objects reloaded before import = 0
Number of asset objects unloaded after import = 1
========================================================================
Received Import Request.
  Time since last request: 0.000063 seconds.
  path: Assets/Scripts/GFX/OzoneDecals/Prefabs/DecalTermac.prefab
  artifactKey: Guid(94809a923bed3a54f8b73c9c8172d475) Importer(2089858483,0ecaa5967403d082aa24f35e1b516d23)
Start importing Assets/Scripts/GFX/OzoneDecals/Prefabs/DecalTermac.prefab using Guid(94809a923bed3a54f8b73c9c8172d475) Importer(2089858483,0ecaa5967403d082aa24f35e1b516d23)  -> (artifact id: 'c659d68a150efec2dcf328a40fa5cadb') in 0.037947 seconds
Number of updated asset objects reloaded before import = 0
Number of asset objects unloaded after import = 9
========================================================================
Received Import Request.
  Time since last request: 0.000042 seconds.
  path: Assets/Scripts/GFX/OzoneDecals/Scripts/OzoneDecalRenderer.cs
  artifactKey: Guid(3c8a33d7e7a20dd4aaea8c743303fc62) Importer(2089858483,0ecaa5967403d082aa24f35e1b516d23)
Start importing Assets/Scripts/GFX/OzoneDecals/Scripts/OzoneDecalRenderer.cs using Guid(3c8a33d7e7a20dd4aaea8c743303fc62) Importer(2089858483,0ecaa5967403d082aa24f35e1b516d23)  -> (artifact id: 'd76325046dd18ce8647af8dba40b0509') in 0.010646 seconds
Number of updated asset objects reloaded before import = 0
Number of asset objects unloaded after import = 1
========================================================================
Received Import Request.
  Time since last request: 0.000061 seconds.
  path: Assets/Scripts/GFX/OzoneDecals/Resources/DecalCubeProject.asset
  artifactKey: Guid(a0cd21ba54f1cab4abc8d2668c77441a) Importer(2089858483,0ecaa5967403d082aa24f35e1b516d23)
Start importing Assets/Scripts/GFX/OzoneDecals/Resources/DecalCubeProject.asset using Guid(a0cd21ba54f1cab4abc8d2668c77441a) Importer(2089858483,0ecaa5967403d082aa24f35e1b516d23)  -> (artifact id: '0d408bd651f0b370922dba43fa517194') in 0.010025 seconds
Number of updated asset objects reloaded before import = 0
Number of asset objects unloaded after import = 1
========================================================================
Received Import Request.
  Time since last request: 0.000018 seconds.
  path: Assets/Standard Assets/Editor/ImageEffects/SunShaftsEditor.cs
  artifactKey: Guid(54f6f6313f2aecc4d81035ec0031e313) Importer(2089858483,0ecaa5967403d082aa24f35e1b516d23)
Start importing Assets/Standard Assets/Editor/ImageEffects/SunShaftsEditor.cs using Guid(54f6f6313f2aecc4d81035ec0031e313) Importer(2089858483,0ecaa5967403d082aa24f35e1b516d23)  -> (artifact id: 'd50ce3359f6498890ca60b1c06c8987f') in 0.011052 seconds
Number of updated asset objects reloaded before import = 0
Number of asset objects unloaded after import = 1
========================================================================
Received Import Request.
  Time since last request: 0.000067 seconds.
  path: Assets/Scripts/Undo/HistoryObjects/HistoryWaterElevation.cs
  artifactKey: Guid(d7399b87a66d4604ea006a25f4db8cb8) Importer(2089858483,0ecaa5967403d082aa24f35e1b516d23)
Start importing Assets/Scripts/Undo/HistoryObjects/HistoryWaterElevation.cs using Guid(d7399b87a66d4604ea006a25f4db8cb8) Importer(2089858483,0ecaa5967403d082aa24f35e1b516d23)  -> (artifact id: '0117b1bcaf069c62c2a16c8f449b6042') in 0.009640 seconds
Number of updated asset objects reloaded before import = 0
Number of asset objects unloaded after import = 1
========================================================================
Received Import Request.
  Time since last request: 0.000075 seconds.
  path: Assets/Scripts/UI/Tools/Decals/DecalSettings.cs
  artifactKey: Guid(79d415f221903674788c6cfec41ca24e) Importer(2089858483,0ecaa5967403d082aa24f35e1b516d23)
Start importing Assets/Scripts/UI/Tools/Decals/DecalSettings.cs using Guid(79d415f221903674788c6cfec41ca24e) Importer(2089858483,0ecaa5967403d082aa24f35e1b516d23)  -> (artifact id: 'ea7610456ca2818570d201938883e9d1') in 0.009160 seconds
Number of updated asset objects reloaded before import = 0
Number of asset objects unloaded after import = 1
========================================================================
Received Import Request.
  Time since last request: 0.000118 seconds.
  path: Assets/GFX/EditorObjects/Materials/Controler/ControlerGreen.mat
  artifactKey: Guid(0f8bf2dc08462fd4fa548aa247ec30c1) Importer(2089858483,0ecaa5967403d082aa24f35e1b516d23)
Start importing Assets/GFX/EditorObjects/Materials/Controler/ControlerGreen.mat using Guid(0f8bf2dc08462fd4fa548aa247ec30c1) Importer(2089858483,0ecaa5967403d082aa24f35e1b516d23)  -> (artifact id: '4c244960d89db92f65413f823bf258ee') in 0.011412 seconds
Number of updated asset objects reloaded before import = 0
Number of asset objects unloaded after import = 1
========================================================================
Received Import Request.
  Time since last request: 0.000015 seconds.
  path: Assets/GFX/EditorObjects/Materials/MarkerColor/Green.mat
  artifactKey: Guid(db424c8c4acaf614c8dbd67c936c75ef) Importer(2089858483,0ecaa5967403d082aa24f35e1b516d23)
Start importing Assets/GFX/EditorObjects/Materials/MarkerColor/Green.mat using Guid(db424c8c4acaf614c8dbd67c936c75ef) Importer(2089858483,0ecaa5967403d082aa24f35e1b516d23)  -> (artifact id: 'c117b5ccb00bc87449d36ce5c4226e35') in 0.009818 seconds
Number of updated asset objects reloaded before import = 0
Number of asset objects unloaded after import = 1
========================================================================
Received Import Request.
  Time since last request: 0.326776 seconds.
  path: Assets/Scripts/UI/Tools/Units/UnitsInfo_Groups.cs
  artifactKey: Guid(89a5362eb08b54042a7cff4be65260da) Importer(2089858483,0ecaa5967403d082aa24f35e1b516d23)
Start importing Assets/Scripts/UI/Tools/Units/UnitsInfo_Groups.cs using Guid(89a5362eb08b54042a7cff4be65260da) Importer(2089858483,0ecaa5967403d082aa24f35e1b516d23)  -> (artifact id: 'e2754a460ecb45d2900899e7bdea5e35') in 0.011295 seconds
Number of updated asset objects reloaded before import = 0
Number of asset objects unloaded after import = 1
========================================================================
Received Import Request.
  Time since last request: 0.000053 seconds.
  path: Assets/Standard Assets/Effects/ImageEffects/Scripts/MotionBlur.cs
  artifactKey: Guid(478a2083ad114a07d000fbfb8d76c639) Importer(2089858483,0ecaa5967403d082aa24f35e1b516d23)
Start importing Assets/Standard Assets/Effects/ImageEffects/Scripts/MotionBlur.cs using Guid(478a2083ad114a07d000fbfb8d76c639) Importer(2089858483,0ecaa5967403d082aa24f35e1b516d23)  -> (artifact id: '2a0d7e709770aafd0ea71dab9fb5b9a3') in 0.009876 seconds
Number of updated asset objects reloaded before import = 0
Number of asset objects unloaded after import = 1
========================================================================
Received Import Request.
  Time since last request: 0.000063 seconds.
  path: Assets/Standard Assets/Effects/ImageEffects/Shaders/_DepthOfField/DepthOfField34.shader
  artifactKey: Guid(987fb0677d01f43ce8a9dbf12271e668) Importer(2089858483,0ecaa5967403d082aa24f35e1b516d23)
Start importing Assets/Standard Assets/Effects/ImageEffects/Shaders/_DepthOfField/DepthOfField34.shader using Guid(987fb0677d01f43ce8a9dbf12271e668) Importer(2089858483,0ecaa5967403d082aa24f35e1b516d23)  -> (artifact id: '2cabae458742b3a50f76cc5e32eda6e7') in 0.010922 seconds
Number of updated asset objects reloaded before import = 0
Number of asset objects unloaded after import = 1
========================================================================
Received Import Request.
  Time since last request: 0.000018 seconds.
  path: Assets/Standard Assets/Effects/ImageEffects/Shaders/_BloomAndFlares/SeparableBlurPlus.shader
  artifactKey: Guid(a9df009a214e24a5ebbf271595f8d5b6) Importer(2089858483,0ecaa5967403d082aa24f35e1b516d23)
Start importing Assets/Standard Assets/Effects/ImageEffects/Shaders/_BloomAndFlares/SeparableBlurPlus.shader using Guid(a9df009a214e24a5ebbf271595f8d5b6) Importer(2089858483,0ecaa5967403d082aa24f35e1b516d23)  -> (artifact id: 'ece709ae33c5741946fb68a8ed99615b') in 0.008722 seconds
Number of updated asset objects reloaded before import = 0
Number of asset objects unloaded after import = 1
========================================================================
Received Import Request.
  Time since last request: 0.000077 seconds.
  path: Assets/Standard Assets/Effects/ImageEffects/Scripts/GlobalFog.cs
  artifactKey: Guid(76b5ec6153a1d55438228df10fe66844) Importer(2089858483,0ecaa5967403d082aa24f35e1b516d23)
Start importing Assets/Standard Assets/Effects/ImageEffects/Scripts/GlobalFog.cs using Guid(76b5ec6153a1d55438228df10fe66844) Importer(2089858483,0ecaa5967403d082aa24f35e1b516d23)  -> (artifact id: '12d88d9496cff5922c1a02c97c8dd59e') in 0.008508 seconds
Number of updated asset objects reloaded before import = 0
Number of asset objects unloaded after import = 1
========================================================================
Received Import Request.
  Time since last request: 0.000055 seconds.
  path: Assets/Standard Assets/Effects/ImageEffects/Shaders/FisheyeShader.shader
  artifactKey: Guid(874ceab4425f64bccb1d14032f4452b1) Importer(2089858483,0ecaa5967403d082aa24f35e1b516d23)
Start importing Assets/Standard Assets/Effects/ImageEffects/Shaders/FisheyeShader.shader using Guid(874ceab4425f64bccb1d14032f4452b1) Importer(2089858483,0ecaa5967403d082aa24f35e1b516d23)  -> (artifact id: '827902e66d44f7d45ae9af7fc75f688b') in 0.010235 seconds
Number of updated asset objects reloaded before import = 0
Number of asset objects unloaded after import = 1
========================================================================
Received Import Request.
  Time since last request: 0.000053 seconds.
  path: Assets/Standard Assets/Effects/ImageEffects/Shaders/CameraMotionBlur.shader
  artifactKey: Guid(85a88efa8c871af4a9d17c64791b6f4f) Importer(2089858483,0ecaa5967403d082aa24f35e1b516d23)
Start importing Assets/Standard Assets/Effects/ImageEffects/Shaders/CameraMotionBlur.shader using Guid(85a88efa8c871af4a9d17c64791b6f4f) Importer(2089858483,0ecaa5967403d082aa24f35e1b516d23)  -> (artifact id: '224cb10f9f19967755f291e8f28e7db9') in 0.009928 seconds
Number of updated asset objects reloaded before import = 0
Number of asset objects unloaded after import = 1
========================================================================
Received Import Request.
  Time since last request: 0.000067 seconds.
  path: Assets/Standard Assets/Effects/ImageEffects/Shaders/_BloomAndFlares/LensFlareCreate.shader
  artifactKey: Guid(459fe69d2f6d74ddb92f04dbf45a866b) Importer(2089858483,0ecaa5967403d082aa24f35e1b516d23)
Start importing Assets/Standard Assets/Effects/ImageEffects/Shaders/_BloomAndFlares/LensFlareCreate.shader using Guid(459fe69d2f6d74ddb92f04dbf45a866b) Importer(2089858483,0ecaa5967403d082aa24f35e1b516d23)  -> (artifact id: '5c66c9dc66829b8aea8e07ea88db1223') in 0.009066 seconds
Number of updated asset objects reloaded before import = 0
Number of asset objects unloaded after import = 1
========================================================================
Received Import Request.
  Time since last request: 0.000053 seconds.
  path: Assets/Standard Assets/Effects/ImageEffects/Textures/color correction ramp.png
  artifactKey: Guid(d440902fad11e807d00044888d76c639) Importer(2089858483,0ecaa5967403d082aa24f35e1b516d23)
Start importing Assets/Standard Assets/Effects/ImageEffects/Textures/color correction ramp.png using Guid(d440902fad11e807d00044888d76c639) Importer(2089858483,0ecaa5967403d082aa24f35e1b516d23)  -> (artifact id: '454f1c85c81d3a68c60eba21dad4b471') in 0.037578 seconds
Number of updated asset objects reloaded before import = 0
Number of asset objects unloaded after import = 1
========================================================================
Received Import Request.
  Time since last request: 0.000073 seconds.
  path: Assets/Standard Assets/Effects/ImageEffects/Scripts/PostEffectsBase.cs
  artifactKey: Guid(b6f4318ec6c2bf643a0f9edfeeaba0ec) Importer(2089858483,0ecaa5967403d082aa24f35e1b516d23)
Start importing Assets/Standard Assets/Effects/ImageEffects/Scripts/PostEffectsBase.cs using Guid(b6f4318ec6c2bf643a0f9edfeeaba0ec) Importer(2089858483,0ecaa5967403d082aa24f35e1b516d23)  -> (artifact id: 'b61550d65e2663ba38a060e20d2147f4') in 0.008759 seconds
Number of updated asset objects reloaded before import = 0
Number of asset objects unloaded after import = 1
========================================================================
Received Import Request.
  Time since last request: 0.000108 seconds.
  path: Assets/Standard Assets/Effects/ImageEffects/Shaders/NoiseAndGrain.shader
  artifactKey: Guid(b0249d8c935344451aa4de6db76f0688) Importer(2089858483,0ecaa5967403d082aa24f35e1b516d23)
Start importing Assets/Standard Assets/Effects/ImageEffects/Shaders/NoiseAndGrain.shader using Guid(b0249d8c935344451aa4de6db76f0688) Importer(2089858483,0ecaa5967403d082aa24f35e1b516d23)  -> (artifact id: 'de250417ff3031ef6c93a48a366c41d9') in 0.008402 seconds
Number of updated asset objects reloaded before import = 0
Number of asset objects unloaded after import = 1
========================================================================
Received Import Request.
  Time since last request: 0.000118 seconds.
  path: Assets/Standard Assets/Effects/ImageEffects/Shaders/_Antialiasing/DLAA.shader
  artifactKey: Guid(017ca72b9e8a749058d13ebd527e98fa) Importer(2089858483,0ecaa5967403d082aa24f35e1b516d23)
Start importing Assets/Standard Assets/Effects/ImageEffects/Shaders/_Antialiasing/DLAA.shader using Guid(017ca72b9e8a749058d13ebd527e98fa) Importer(2089858483,0ecaa5967403d082aa24f35e1b516d23)  -> (artifact id: '341680833a33636285e1db840a90b3ab') in 0.008792 seconds
Number of updated asset objects reloaded before import = 0
Number of asset objects unloaded after import = 1
========================================================================
Received Import Request.
  Time since last request: 0.000079 seconds.
  path: Assets/Standard Assets/Effects/ImageEffects/Scripts/NoiseAndScratches.cs
  artifactKey: Guid(a88a26a276b4e47619ce2c5adad33fab) Importer(2089858483,0ecaa5967403d082aa24f35e1b516d23)
Start importing Assets/Standard Assets/Effects/ImageEffects/Scripts/NoiseAndScratches.cs using Guid(a88a26a276b4e47619ce2c5adad33fab) Importer(2089858483,0ecaa5967403d082aa24f35e1b516d23)  -> (artifact id: '67be18e5e1a1f3f866de00c0f60fa171') in 0.009347 seconds
Number of updated asset objects reloaded before import = 0
Number of asset objects unloaded after import = 1
========================================================================
Received Import Request.
  Time since last request: 0.000077 seconds.
  path: Assets/Standard Assets/Effects/ImageEffects/Shaders/GrayscaleEffect.shader
  artifactKey: Guid(daf9781cad112c75d0008dfa8d76c639) Importer(2089858483,0ecaa5967403d082aa24f35e1b516d23)
Start importing Assets/Standard Assets/Effects/ImageEffects/Shaders/GrayscaleEffect.shader using Guid(daf9781cad112c75d0008dfa8d76c639) Importer(2089858483,0ecaa5967403d082aa24f35e1b516d23)  -> (artifact id: '70c405cfd1bf53d9f65ca5b323652423') in 0.009611 seconds
Number of updated asset objects reloaded before import = 0
Number of asset objects unloaded after import = 1
========================================================================
Received Import Request.
  Time since last request: 0.000060 seconds.
  path: Assets/Standard Assets/Effects/ImageEffects/Shaders/ColorCorrection3DLut.shader
  artifactKey: Guid(b61f0d8d8244b4b28aa66b0c8cb46a8d) Importer(2089858483,0ecaa5967403d082aa24f35e1b516d23)
Start importing Assets/Standard Assets/Effects/ImageEffects/Shaders/ColorCorrection3DLut.shader using Guid(b61f0d8d8244b4b28aa66b0c8cb46a8d) Importer(2089858483,0ecaa5967403d082aa24f35e1b516d23)  -> (artifact id: 'e661891975f0bd7b0abb801c0cef1eba') in 0.009189 seconds
Number of updated asset objects reloaded before import = 0
Number of asset objects unloaded after import = 1
========================================================================
Received Import Request.
  Time since last request: 0.000126 seconds.
  path: Assets/Standard Assets/Effects/ImageEffects/Scripts/CreaseShading.cs
  artifactKey: Guid(d64b4f3a592f28b44bf19223ac8b6cd2) Importer(2089858483,0ecaa5967403d082aa24f35e1b516d23)
Start importing Assets/Standard Assets/Effects/ImageEffects/Scripts/CreaseShading.cs using Guid(d64b4f3a592f28b44bf19223ac8b6cd2) Importer(2089858483,0ecaa5967403d082aa24f35e1b516d23)  -> (artifact id: 'edb3c1bba5bd7a08dd6897bb8c94dc78') in 0.008835 seconds
Number of updated asset objects reloaded before import = 0
Number of asset objects unloaded after import = 1
Editor requested this worker to shutdown with reason: Scaling down because of idle timeout
TcpMessagingSession - receive error: operation aborted. errorcode: 995, details: The I/O operation has been aborted because of either a thread exit or an application request.
AssetImportWorker is now disconnected from the server
Process exiting
Exiting without the bug reporter. Application will terminate with return code 0